
----------------------application startup--------------------------
2022-01-19 14:30:21:929 --ERROR-- 未能找到路径“C:\Users\zhangyong\Desktop\RD507\FastfoodSales-RD507\FastFoodSales\bin\Debug\Alarms\AlarmsLA.csv”的一部分。

----------------------application startup--------------------------
2022-01-19 14:30:38:020 --ERROR-- 未能找到路径“C:\Users\zhangyong\Desktop\RD507\FastfoodSales-RD507\FastFoodSales\bin\Debug\Alarms\AlarmsLA.csv”的一部分。

----------------------application startup--------------------------
2022-01-19 14:31:52:417 --ERROR-- 未能找到路径“C:\Users\zhangyong\Desktop\RD507\FastfoodSales-RD507\FastFoodSales\bin\Debug\Alarms\AlarmsLA.csv”的一部分。

----------------------application startup--------------------------
2022-01-19 14:33:28:448 --ERROR-- 未能找到路径“C:\Users\zhangyong\Desktop\RD507\FastfoodSales-RD507\FastFoodSales\bin\Debug\Alarms\AlarmsLA.csv”的一部分。

----------------------application startup--------------------------
2022-01-19 14:33:50:850 --ERROR-- 未能找到路径“C:\Users\zhangyong\Desktop\RD507\FastfoodSales-RD507\FastFoodSales\bin\Debug\Alarms\AlarmsLA.csv”的一部分。

----------------------application startup--------------------------
2022-01-19 14:45:21:919 --ERROR-- 未能找到路径“C:\Users\zhangyong\Desktop\RD507\FastfoodSales-RD507\FastFoodSales\bin\Debug\Alarms\AlarmsLA.csv”的一部分。

----------------------application startup--------------------------
2022-01-19 14:46:13:472 --ERROR-- 未能找到路径“C:\Users\zhangyong\Desktop\RD507\FastfoodSales-RD507\FastFoodSales\bin\Debug\Alarms\AlarmsLA.csv”的一部分。

----------------------application startup--------------------------
2022-01-19 14:47:35:240 --ERROR-- 未能找到路径“C:\Users\zhangyong\Desktop\RD507\FastfoodSales-RD507\FastFoodSales\bin\Debug\Alarms\AlarmsLA.csv”的一部分。
2022-01-19 14:47:36:088 --INFO -- AirParticleDetector:端口“COM1”不存在。
2022-01-19 14:47:36:608 --INFO -- AirParticleDetector:端口“COM1”不存在。
2022-01-19 14:47:37:129 --INFO -- AirParticleDetector:端口“COM1”不存在。
2022-01-19 14:47:37:648 --INFO -- AirParticleDetector:端口“COM1”不存在。
2022-01-19 14:47:38:155 --INFO -- AirParticleDetector:端口“COM1”不存在。
2022-01-19 14:47:38:661 --INFO -- AirParticleDetector:端口“COM1”不存在。
2022-01-19 14:47:39:167 --INFO -- AirParticleDetector:端口“COM1”不存在。
2022-01-19 14:47:39:232 --INFO -- 由于目标计算机积极拒绝，无法连接。 127.0.0.1:6000
2022-01-19 14:47:39:672 --INFO -- AirParticleDetector:端口“COM1”不存在。
2022-01-19 14:47:40:179 --INFO -- AirParticleDetector:端口“COM1”不存在。
2022-01-19 14:47:40:698 --INFO -- AirParticleDetector:端口“COM1”不存在。
2022-01-19 14:47:41:210 --INFO -- AirParticleDetector:端口“COM1”不存在。
2022-01-19 14:47:41:716 --INFO -- AirParticleDetector:端口“COM1”不存在。
2022-01-19 14:47:42:222 --INFO -- AirParticleDetector:端口“COM1”不存在。
2022-01-19 14:47:42:728 --INFO -- AirParticleDetector:端口“COM1”不存在。
2022-01-19 14:47:43:234 --INFO -- AirParticleDetector:端口“COM1”不存在。
2022-01-19 14:47:43:743 --INFO -- AirParticleDetector:端口“COM1”不存在。
2022-01-19 14:47:44:248 --INFO -- AirParticleDetector:端口“COM1”不存在。
2022-01-19 14:47:44:755 --INFO -- AirParticleDetector:端口“COM1”不存在。
2022-01-19 14:47:45:271 --INFO -- AirParticleDetector:端口“COM1”不存在。
2022-01-19 14:47:45:325 --INFO -- 由于目标计算机积极拒绝，无法连接。 127.0.0.1:6000
2022-01-19 14:47:45:777 --INFO -- AirParticleDetector:端口“COM1”不存在。
2022-01-19 14:47:46:283 --INFO -- AirParticleDetector:端口“COM1”不存在。
2022-01-19 14:47:46:789 --INFO -- AirParticleDetector:端口“COM1”不存在。
2022-01-19 14:47:47:295 --INFO -- AirParticleDetector:端口“COM1”不存在。
2022-01-19 14:47:47:802 --INFO -- AirParticleDetector:端口“COM1”不存在。
2022-01-19 14:47:48:307 --INFO -- AirParticleDetector:端口“COM1”不存在。
2022-01-19 14:47:48:814 --INFO -- AirParticleDetector:端口“COM1”不存在。
2022-01-19 14:47:49:321 --INFO -- AirParticleDetector:端口“COM1”不存在。
2022-01-19 14:47:49:826 --INFO -- AirParticleDetector:端口“COM1”不存在。
2022-01-19 14:47:50:332 --INFO -- AirParticleDetector:端口“COM1”不存在。
2022-01-19 14:47:50:837 --INFO -- AirParticleDetector:端口“COM1”不存在。
2022-01-19 14:47:51:347 --INFO -- AirParticleDetector:端口“COM1”不存在。
2022-01-19 14:47:51:434 --INFO -- 由于目标计算机积极拒绝，无法连接。 127.0.0.1:6000
2022-01-19 14:47:51:856 --INFO -- AirParticleDetector:端口“COM1”不存在。
2022-01-19 14:47:52:363 --INFO -- AirParticleDetector:端口“COM1”不存在。
2022-01-19 14:47:52:869 --INFO -- AirParticleDetector:端口“COM1”不存在。
2022-01-19 14:47:53:375 --INFO -- AirParticleDetector:端口“COM1”不存在。
2022-01-19 14:47:53:881 --INFO -- AirParticleDetector:端口“COM1”不存在。
2022-01-19 14:47:54:388 --INFO -- AirParticleDetector:端口“COM1”不存在。
2022-01-19 14:47:54:894 --INFO -- AirParticleDetector:端口“COM1”不存在。
2022-01-19 14:47:55:406 --INFO -- AirParticleDetector:端口“COM1”不存在。
2022-01-19 14:47:55:912 --INFO -- AirParticleDetector:端口“COM1”不存在。

 ----------------------application shutdown--------------------------

----------------------application startup--------------------------
2022-01-19 14:49:28:242 --ERROR-- 未能找到路径“C:\Users\zhangyong\Desktop\RD507\FastfoodSales-RD507\FastFoodSales\bin\Debug\Alarms\AlarmsLA.csv”的一部分。
2022-01-19 14:49:28:847 --INFO -- AirParticleDetector:端口“COM1”不存在。
2022-01-19 14:49:29:361 --INFO -- AirParticleDetector:端口“COM1”不存在。
2022-01-19 14:49:29:872 --INFO -- AirParticleDetector:端口“COM1”不存在。
2022-01-19 14:49:30:379 --INFO -- AirParticleDetector:端口“COM1”不存在。
2022-01-19 14:49:30:888 --INFO -- AirParticleDetector:端口“COM1”不存在。
2022-01-19 14:49:31:395 --INFO -- AirParticleDetector:端口“COM1”不存在。
2022-01-19 14:49:31:901 --INFO -- AirParticleDetector:端口“COM1”不存在。
2022-01-19 14:49:32:219 --INFO -- 由于目标计算机积极拒绝，无法连接。 127.0.0.1:6000
2022-01-19 14:49:32:410 --INFO -- AirParticleDetector:端口“COM1”不存在。
2022-01-19 14:49:32:916 --INFO -- AirParticleDetector:端口“COM1”不存在。
2022-01-19 14:49:33:421 --INFO -- AirParticleDetector:端口“COM1”不存在。
2022-01-19 14:49:33:939 --INFO -- AirParticleDetector:端口“COM1”不存在。
2022-01-19 14:49:34:449 --INFO -- AirParticleDetector:端口“COM1”不存在。
2022-01-19 14:49:34:956 --INFO -- AirParticleDetector:端口“COM1”不存在。
2022-01-19 14:49:35:462 --INFO -- AirParticleDetector:端口“COM1”不存在。
2022-01-19 14:49:35:979 --INFO -- AirParticleDetector:端口“COM1”不存在。
2022-01-19 14:49:36:488 --INFO -- AirParticleDetector:端口“COM1”不存在。
2022-01-19 14:49:36:997 --INFO -- AirParticleDetector:端口“COM1”不存在。
2022-01-19 14:49:37:504 --INFO -- AirParticleDetector:端口“COM1”不存在。
2022-01-19 14:49:38:012 --INFO -- AirParticleDetector:端口“COM1”不存在。
2022-01-19 14:49:38:313 --INFO -- 由于目标计算机积极拒绝，无法连接。 127.0.0.1:6000
2022-01-19 14:49:38:519 --INFO -- AirParticleDetector:端口“COM1”不存在。
2022-01-19 14:49:39:027 --INFO -- AirParticleDetector:端口“COM1”不存在。
2022-01-19 14:49:39:533 --INFO -- AirParticleDetector:端口“COM1”不存在。
2022-01-19 14:49:40:038 --INFO -- AirParticleDetector:端口“COM1”不存在。
2022-01-19 14:49:40:556 --INFO -- AirParticleDetector:端口“COM1”不存在。
2022-01-19 14:49:41:066 --INFO -- AirParticleDetector:端口“COM1”不存在。
2022-01-19 14:49:41:572 --INFO -- AirParticleDetector:端口“COM1”不存在。
2022-01-19 14:49:42:078 --INFO -- AirParticleDetector:端口“COM1”不存在。
2022-01-19 14:49:42:584 --INFO -- AirParticleDetector:端口“COM1”不存在。
2022-01-19 14:49:43:102 --INFO -- AirParticleDetector:端口“COM1”不存在。
2022-01-19 14:49:43:609 --INFO -- AirParticleDetector:端口“COM1”不存在。
2022-01-19 14:49:44:116 --INFO -- AirParticleDetector:端口“COM1”不存在。
2022-01-19 14:49:44:466 --INFO -- 由于目标计算机积极拒绝，无法连接。 127.0.0.1:6000
2022-01-19 14:49:44:626 --INFO -- AirParticleDetector:端口“COM1”不存在。
2022-01-19 14:49:45:132 --INFO -- AirParticleDetector:端口“COM1”不存在。
2022-01-19 14:49:45:638 --INFO -- AirParticleDetector:端口“COM1”不存在。
2022-01-19 14:49:46:158 --INFO -- AirParticleDetector:端口“COM1”不存在。
2022-01-19 14:49:46:678 --INFO -- AirParticleDetector:端口“COM1”不存在。
2022-01-19 14:49:47:185 --INFO -- AirParticleDetector:端口“COM1”不存在。
2022-01-19 14:49:47:693 --INFO -- AirParticleDetector:端口“COM1”不存在。
2022-01-19 14:49:48:200 --INFO -- AirParticleDetector:端口“COM1”不存在。
2022-01-19 14:49:48:706 --INFO -- AirParticleDetector:端口“COM1”不存在。
2022-01-19 14:49:49:215 --INFO -- AirParticleDetector:端口“COM1”不存在。
2022-01-19 14:49:49:721 --INFO -- AirParticleDetector:端口“COM1”不存在。
2022-01-19 14:49:50:228 --INFO -- AirParticleDetector:端口“COM1”不存在。
2022-01-19 14:49:50:572 --INFO -- 由于目标计算机积极拒绝，无法连接。 127.0.0.1:6000
2022-01-19 14:49:50:732 --INFO -- AirParticleDetector:端口“COM1”不存在。
2022-01-19 14:49:51:239 --INFO -- AirParticleDetector:端口“COM1”不存在。
2022-01-19 14:49:51:744 --INFO -- AirParticleDetector:端口“COM1”不存在。
2022-01-19 14:49:52:251 --INFO -- AirParticleDetector:端口“COM1”不存在。
2022-01-19 14:49:52:770 --INFO -- AirParticleDetector:端口“COM1”不存在。
2022-01-19 14:49:53:276 --INFO -- AirParticleDetector:端口“COM1”不存在。
2022-01-19 14:49:53:782 --INFO -- AirParticleDetector:端口“COM1”不存在。
2022-01-19 14:49:54:288 --INFO -- AirParticleDetector:端口“COM1”不存在。
2022-01-19 14:49:54:794 --INFO -- AirParticleDetector:端口“COM1”不存在。
2022-01-19 14:49:55:301 --INFO -- AirParticleDetector:端口“COM1”不存在。
2022-01-19 14:49:55:810 --INFO -- AirParticleDetector:端口“COM1”不存在。
2022-01-19 14:49:56:318 --INFO -- AirParticleDetector:端口“COM1”不存在。

 ----------------------application shutdown--------------------------

----------------------application startup--------------------------
2022-01-19 14:50:28:381 --ERROR-- 未能找到路径“C:\Users\zhangyong\Desktop\RD507\FastfoodSales-RD507\FastFoodSales\bin\Debug\Alarms\AlarmsLA.csv”的一部分。
2022-01-19 14:50:28:720 --INFO -- AirParticleDetector:端口“COM1”不存在。
2022-01-19 14:50:29:248 --INFO -- AirParticleDetector:端口“COM1”不存在。
2022-01-19 14:50:29:775 --INFO -- AirParticleDetector:端口“COM1”不存在。
2022-01-19 14:50:30:298 --INFO -- AirParticleDetector:端口“COM1”不存在。
2022-01-19 14:50:30:805 --INFO -- AirParticleDetector:端口“COM1”不存在。
2022-01-19 14:50:31:312 --INFO -- AirParticleDetector:端口“COM1”不存在。
2022-01-19 14:50:31:817 --INFO -- AirParticleDetector:端口“COM1”不存在。
2022-01-19 14:50:32:323 --INFO -- AirParticleDetector:端口“COM1”不存在。
2022-01-19 14:50:32:347 --INFO -- 由于目标计算机积极拒绝，无法连接。 127.0.0.1:6000
2022-01-19 14:50:32:831 --INFO -- AirParticleDetector:端口“COM1”不存在。
2022-01-19 14:50:33:343 --INFO -- AirParticleDetector:端口“COM1”不存在。
2022-01-19 14:50:33:849 --INFO -- AirParticleDetector:端口“COM1”不存在。
2022-01-19 14:50:34:357 --INFO -- AirParticleDetector:端口“COM1”不存在。
2022-01-19 14:50:34:863 --INFO -- AirParticleDetector:端口“COM1”不存在。
2022-01-19 14:50:35:371 --INFO -- AirParticleDetector:端口“COM1”不存在。
2022-01-19 14:50:35:877 --INFO -- AirParticleDetector:端口“COM1”不存在。
2022-01-19 14:50:36:383 --INFO -- AirParticleDetector:端口“COM1”不存在。
2022-01-19 14:50:36:894 --INFO -- AirParticleDetector:端口“COM1”不存在。
2022-01-19 14:50:37:401 --INFO -- AirParticleDetector:端口“COM1”不存在。
2022-01-19 14:50:37:910 --INFO -- AirParticleDetector:端口“COM1”不存在。
2022-01-19 14:50:38:424 --INFO -- AirParticleDetector:端口“COM1”不存在。
2022-01-19 14:50:38:466 --INFO -- 由于目标计算机积极拒绝，无法连接。 127.0.0.1:6000
2022-01-19 14:50:38:930 --INFO -- AirParticleDetector:端口“COM1”不存在。
2022-01-19 14:50:39:437 --INFO -- AirParticleDetector:端口“COM1”不存在。
2022-01-19 14:50:39:946 --INFO -- AirParticleDetector:端口“COM1”不存在。
2022-01-19 14:50:40:451 --INFO -- AirParticleDetector:端口“COM1”不存在。
2022-01-19 14:50:40:956 --INFO -- AirParticleDetector:端口“COM1”不存在。
2022-01-19 14:50:41:463 --INFO -- AirParticleDetector:端口“COM1”不存在。
2022-01-19 14:50:41:971 --INFO -- AirParticleDetector:端口“COM1”不存在。
2022-01-19 14:50:42:477 --INFO -- AirParticleDetector:端口“COM1”不存在。
2022-01-19 14:50:42:982 --INFO -- AirParticleDetector:端口“COM1”不存在。
2022-01-19 14:50:43:489 --INFO -- AirParticleDetector:端口“COM1”不存在。
2022-01-19 14:50:43:996 --INFO -- AirParticleDetector:端口“COM1”不存在。
2022-01-19 14:50:44:505 --INFO -- AirParticleDetector:端口“COM1”不存在。
2022-01-19 14:50:44:619 --INFO -- 由于目标计算机积极拒绝，无法连接。 127.0.0.1:6000
2022-01-19 14:50:45:010 --INFO -- AirParticleDetector:端口“COM1”不存在。
2022-01-19 14:50:45:518 --INFO -- AirParticleDetector:端口“COM1”不存在。
2022-01-19 14:50:46:025 --INFO -- AirParticleDetector:端口“COM1”不存在。
2022-01-19 14:50:46:533 --INFO -- AirParticleDetector:端口“COM1”不存在。
2022-01-19 14:50:47:039 --INFO -- AirParticleDetector:端口“COM1”不存在。
2022-01-19 14:50:47:545 --INFO -- AirParticleDetector:端口“COM1”不存在。
2022-01-19 14:50:48:051 --INFO -- AirParticleDetector:端口“COM1”不存在。
2022-01-19 14:50:48:558 --INFO -- AirParticleDetector:端口“COM1”不存在。
2022-01-19 14:50:49:068 --INFO -- AirParticleDetector:端口“COM1”不存在。
2022-01-19 14:50:49:576 --INFO -- AirParticleDetector:端口“COM1”不存在。
2022-01-19 14:50:50:081 --INFO -- AirParticleDetector:端口“COM1”不存在。
2022-01-19 14:50:50:587 --INFO -- AirParticleDetector:端口“COM1”不存在。
2022-01-19 14:50:50:714 --INFO -- 由于目标计算机积极拒绝，无法连接。 127.0.0.1:6000
2022-01-19 14:50:51:092 --INFO -- AirParticleDetector:端口“COM1”不存在。
2022-01-19 14:50:51:601 --INFO -- AirParticleDetector:端口“COM1”不存在。
2022-01-19 14:50:52:109 --INFO -- AirParticleDetector:端口“COM1”不存在。
2022-01-19 14:50:52:615 --INFO -- AirParticleDetector:端口“COM1”不存在。
2022-01-19 14:50:53:129 --INFO -- AirParticleDetector:端口“COM1”不存在。
2022-01-19 14:50:53:635 --INFO -- AirParticleDetector:端口“COM1”不存在。
2022-01-19 14:50:54:142 --INFO -- AirParticleDetector:端口“COM1”不存在。
2022-01-19 14:50:54:647 --INFO -- AirParticleDetector:端口“COM1”不存在。
2022-01-19 14:50:55:166 --INFO -- AirParticleDetector:端口“COM1”不存在。
2022-01-19 14:50:55:673 --INFO -- AirParticleDetector:端口“COM1”不存在。
2022-01-19 14:50:56:178 --INFO -- AirParticleDetector:端口“COM1”不存在。
2022-01-19 14:50:56:684 --INFO -- AirParticleDetector:端口“COM1”不存在。
2022-01-19 14:50:56:844 --INFO -- 由于目标计算机积极拒绝，无法连接。 127.0.0.1:6000
2022-01-19 14:50:57:191 --INFO -- AirParticleDetector:端口“COM1”不存在。
2022-01-19 14:50:57:698 --INFO -- AirParticleDetector:端口“COM1”不存在。
2022-01-19 14:50:58:204 --INFO -- AirParticleDetector:端口“COM1”不存在。
2022-01-19 14:50:58:710 --INFO -- AirParticleDetector:端口“COM1”不存在。
2022-01-19 14:50:59:216 --INFO -- AirParticleDetector:端口“COM1”不存在。
2022-01-19 14:50:59:721 --INFO -- AirParticleDetector:端口“COM1”不存在。
2022-01-19 14:51:00:227 --INFO -- AirParticleDetector:端口“COM1”不存在。
2022-01-19 14:51:00:735 --INFO -- AirParticleDetector:端口“COM1”不存在。
2022-01-19 14:51:01:242 --INFO -- AirParticleDetector:端口“COM1”不存在。
2022-01-19 14:51:01:746 --INFO -- AirParticleDetector:端口“COM1”不存在。
2022-01-19 14:51:02:252 --INFO -- AirParticleDetector:端口“COM1”不存在。
2022-01-19 14:51:02:762 --INFO -- AirParticleDetector:端口“COM1”不存在。
2022-01-19 14:51:02:969 --INFO -- 由于目标计算机积极拒绝，无法连接。 127.0.0.1:6000
2022-01-19 14:51:03:267 --INFO -- AirParticleDetector:端口“COM1”不存在。
2022-01-19 14:51:03:796 --INFO -- AirParticleDetector:端口“COM1”不存在。
2022-01-19 14:51:04:302 --INFO -- AirParticleDetector:端口“COM1”不存在。
2022-01-19 14:51:04:809 --INFO -- AirParticleDetector:端口“COM1”不存在。
2022-01-19 14:51:05:314 --INFO -- AirParticleDetector:端口“COM1”不存在。
2022-01-19 14:51:05:820 --INFO -- AirParticleDetector:端口“COM1”不存在。
2022-01-19 14:51:06:326 --INFO -- AirParticleDetector:端口“COM1”不存在。
2022-01-19 14:51:06:834 --INFO -- AirParticleDetector:端口“COM1”不存在。
2022-01-19 14:51:07:342 --INFO -- AirParticleDetector:端口“COM1”不存在。
2022-01-19 14:51:07:851 --INFO -- AirParticleDetector:端口“COM1”不存在。
2022-01-19 14:51:08:357 --INFO -- AirParticleDetector:端口“COM1”不存在。
2022-01-19 14:51:08:864 --INFO -- AirParticleDetector:端口“COM1”不存在。
2022-01-19 14:51:09:105 --INFO -- 由于目标计算机积极拒绝，无法连接。 127.0.0.1:6000
2022-01-19 14:51:09:372 --INFO -- AirParticleDetector:端口“COM1”不存在。
2022-01-19 14:51:09:878 --INFO -- AirParticleDetector:端口“COM1”不存在。
2022-01-19 14:51:10:383 --INFO -- AirParticleDetector:端口“COM1”不存在。
2022-01-19 14:51:10:890 --INFO -- AirParticleDetector:端口“COM1”不存在。
2022-01-19 14:51:11:396 --INFO -- AirParticleDetector:端口“COM1”不存在。
2022-01-19 14:51:11:902 --INFO -- AirParticleDetector:端口“COM1”不存在。
2022-01-19 14:51:12:408 --INFO -- AirParticleDetector:端口“COM1”不存在。
2022-01-19 14:51:12:919 --INFO -- AirParticleDetector:端口“COM1”不存在。
2022-01-19 14:51:13:425 --INFO -- AirParticleDetector:端口“COM1”不存在。
2022-01-19 14:51:13:932 --INFO -- AirParticleDetector:端口“COM1”不存在。
2022-01-19 14:51:14:438 --INFO -- AirParticleDetector:端口“COM1”不存在。
2022-01-19 14:51:14:955 --INFO -- AirParticleDetector:端口“COM1”不存在。
2022-01-19 14:51:15:208 --INFO -- 由于目标计算机积极拒绝，无法连接。 127.0.0.1:6000
2022-01-19 14:51:15:463 --INFO -- AirParticleDetector:端口“COM1”不存在。
2022-01-19 14:51:15:968 --INFO -- AirParticleDetector:端口“COM1”不存在。
2022-01-19 14:51:16:473 --INFO -- AirParticleDetector:端口“COM1”不存在。
2022-01-19 14:51:16:980 --INFO -- AirParticleDetector:端口“COM1”不存在。
2022-01-19 14:51:17:488 --INFO -- AirParticleDetector:端口“COM1”不存在。
2022-01-19 14:51:17:998 --INFO -- AirParticleDetector:端口“COM1”不存在。
2022-01-19 14:51:18:505 --INFO -- AirParticleDetector:端口“COM1”不存在。
2022-01-19 14:51:19:011 --INFO -- AirParticleDetector:端口“COM1”不存在。
2022-01-19 14:51:19:518 --INFO -- AirParticleDetector:端口“COM1”不存在。
2022-01-19 14:51:20:022 --INFO -- AirParticleDetector:端口“COM1”不存在。

 ----------------------application shutdown--------------------------

----------------------application startup--------------------------
2022-01-19 14:55:06:550 --ERROR-- 未能找到路径“C:\Users\zhangyong\Desktop\RD507\FastfoodSales-RD507\FastFoodSales\bin\Debug\Alarms\AlarmsLA.csv”的一部分。
2022-01-19 14:55:07:331 --INFO -- AirParticleDetector:端口“COM1”不存在。
2022-01-19 14:55:07:846 --INFO -- AirParticleDetector:端口“COM1”不存在。
2022-01-19 14:55:08:360 --INFO -- AirParticleDetector:端口“COM1”不存在。
2022-01-19 14:55:08:867 --INFO -- AirParticleDetector:端口“COM1”不存在。
2022-01-19 14:55:09:378 --INFO -- AirParticleDetector:端口“COM1”不存在。
2022-01-19 14:55:09:884 --INFO -- AirParticleDetector:端口“COM1”不存在。
2022-01-19 14:55:10:391 --INFO -- AirParticleDetector:端口“COM1”不存在。
2022-01-19 14:55:10:536 --INFO -- 由于目标计算机积极拒绝，无法连接。 127.0.0.1:6000
2022-01-19 14:55:10:898 --INFO -- AirParticleDetector:端口“COM1”不存在。
2022-01-19 14:55:11:406 --INFO -- AirParticleDetector:端口“COM1”不存在。
2022-01-19 14:55:11:914 --INFO -- AirParticleDetector:端口“COM1”不存在。
2022-01-19 14:55:12:422 --INFO -- AirParticleDetector:端口“COM1”不存在。
2022-01-19 14:55:12:930 --INFO -- AirParticleDetector:端口“COM1”不存在。
2022-01-19 14:55:13:435 --INFO -- AirParticleDetector:端口“COM1”不存在。
2022-01-19 14:55:13:943 --INFO -- AirParticleDetector:端口“COM1”不存在。
2022-01-19 14:55:14:448 --INFO -- AirParticleDetector:端口“COM1”不存在。
2022-01-19 14:55:14:957 --INFO -- AirParticleDetector:端口“COM1”不存在。
2022-01-19 14:55:15:463 --INFO -- AirParticleDetector:端口“COM1”不存在。
2022-01-19 14:55:15:970 --INFO -- AirParticleDetector:端口“COM1”不存在。
2022-01-19 14:55:16:478 --INFO -- AirParticleDetector:端口“COM1”不存在。
2022-01-19 14:55:16:649 --INFO -- 由于目标计算机积极拒绝，无法连接。 127.0.0.1:6000
2022-01-19 14:55:16:997 --INFO -- AirParticleDetector:端口“COM1”不存在。
2022-01-19 14:55:17:503 --INFO -- AirParticleDetector:端口“COM1”不存在。

 ----------------------application shutdown--------------------------

----------------------application startup--------------------------
2022-01-19 14:56:13:569 --ERROR-- 未能找到路径“C:\Users\zhangyong\Desktop\RD507\FastfoodSales-RD507\FastFoodSales\bin\Debug\Alarms\AlarmsLA.csv”的一部分。
2022-01-19 14:56:14:328 --INFO -- AirParticleDetector:端口“COM1”不存在。
2022-01-19 14:56:14:854 --INFO -- AirParticleDetector:端口“COM1”不存在。
2022-01-19 14:56:15:364 --INFO -- AirParticleDetector:端口“COM1”不存在。
2022-01-19 14:56:15:873 --INFO -- AirParticleDetector:端口“COM1”不存在。
2022-01-19 14:56:16:380 --INFO -- AirParticleDetector:端口“COM1”不存在。
2022-01-19 14:56:16:885 --INFO -- AirParticleDetector:端口“COM1”不存在。
2022-01-19 14:56:17:392 --INFO -- AirParticleDetector:端口“COM1”不存在。
2022-01-19 14:56:17:490 --INFO -- 由于目标计算机积极拒绝，无法连接。 127.0.0.1:6000
2022-01-19 14:56:17:898 --INFO -- AirParticleDetector:端口“COM1”不存在。
2022-01-19 14:56:18:403 --INFO -- AirParticleDetector:端口“COM1”不存在。
2022-01-19 14:56:18:909 --INFO -- AirParticleDetector:端口“COM1”不存在。
2022-01-19 14:56:19:417 --INFO -- AirParticleDetector:端口“COM1”不存在。

 ----------------------application shutdown--------------------------
