
----------------------application startup--------------------------
2022-02-16 15:57:27:012 --INFO -- AirParticleDetector:端口“COM1”不存在。
2022-02-16 15:57:27:542 --INFO -- AirParticleDetector:端口“COM1”不存在。

----------------------application startup--------------------------
2022-02-16 15:57:56:130 --INFO -- AirParticleDetector:端口“COM1”不存在。
2022-02-16 15:57:56:653 --INFO -- AirParticleDetector:端口“COM1”不存在。

----------------------application startup--------------------------
2022-02-16 15:59:24:651 --INFO -- AirParticleDetector:端口“COM1”不存在。
2022-02-16 15:59:25:170 --INFO -- AirParticleDetector:端口“COM1”不存在。
2022-02-16 15:59:25:725 --INFO -- AirParticleDetector:端口“COM1”不存在。
2022-02-16 15:59:26:233 --INFO -- AirParticleDetector:端口“COM1”不存在。
2022-02-16 15:59:26:632 --INFO -- 由于目标计算机积极拒绝，无法连接。 127.0.0.1:6000
2022-02-16 15:59:26:739 --INFO -- AirParticleDetector:端口“COM1”不存在。

----------------------application startup--------------------------
2022-02-16 16:00:29:493 --INFO -- AirParticleDetector:端口“COM1”不存在。
2022-02-16 16:00:30:009 --INFO -- AirParticleDetector:端口“COM1”不存在。
2022-02-16 16:00:30:516 --INFO -- AirParticleDetector:端口“COM1”不存在。
2022-02-16 16:00:31:024 --INFO -- AirParticleDetector:端口“COM1”不存在。

----------------------application startup--------------------------
2022-02-16 16:00:52:889 --INFO -- AirParticleDetector:端口“COM1”不存在。
2022-02-16 16:00:53:412 --INFO -- AirParticleDetector:端口“COM1”不存在。
2022-02-16 16:00:53:922 --INFO -- AirParticleDetector:端口“COM1”不存在。
2022-02-16 16:00:54:429 --INFO -- AirParticleDetector:端口“COM1”不存在。

----------------------application startup--------------------------
2022-02-16 16:06:07:266 --INFO -- AirParticleDetector:端口“COM1”不存在。
2022-02-16 16:06:07:784 --INFO -- AirParticleDetector:端口“COM1”不存在。
2022-02-16 16:06:08:293 --INFO -- AirParticleDetector:端口“COM1”不存在。
2022-02-16 16:06:08:801 --INFO -- AirParticleDetector:端口“COM1”不存在。
2022-02-16 16:06:09:307 --INFO -- AirParticleDetector:端口“COM1”不存在。
2022-02-16 16:06:09:815 --INFO -- AirParticleDetector:端口“COM1”不存在。
2022-02-16 16:06:10:323 --INFO -- AirParticleDetector:端口“COM1”不存在。
2022-02-16 16:06:10:337 --INFO -- 由于目标计算机积极拒绝，无法连接。 127.0.0.1:6000
2022-02-16 16:06:10:831 --INFO -- AirParticleDetector:端口“COM1”不存在。
2022-02-16 16:06:11:339 --INFO -- AirParticleDetector:端口“COM1”不存在。
2022-02-16 16:06:11:845 --INFO -- AirParticleDetector:端口“COM1”不存在。
2022-02-16 16:06:12:354 --INFO -- AirParticleDetector:端口“COM1”不存在。
2022-02-16 16:06:12:861 --INFO -- AirParticleDetector:端口“COM1”不存在。
2022-02-16 16:06:13:368 --INFO -- AirParticleDetector:端口“COM1”不存在。
2022-02-16 16:06:13:875 --INFO -- AirParticleDetector:端口“COM1”不存在。
2022-02-16 16:06:14:383 --INFO -- AirParticleDetector:端口“COM1”不存在。
2022-02-16 16:06:14:892 --INFO -- AirParticleDetector:端口“COM1”不存在。
2022-02-16 16:06:15:399 --INFO -- AirParticleDetector:端口“COM1”不存在。
2022-02-16 16:06:15:907 --INFO -- AirParticleDetector:端口“COM1”不存在。
2022-02-16 16:06:16:415 --INFO -- AirParticleDetector:端口“COM1”不存在。
2022-02-16 16:06:16:448 --INFO -- 由于目标计算机积极拒绝，无法连接。 127.0.0.1:6000
2022-02-16 16:06:16:922 --INFO -- AirParticleDetector:端口“COM1”不存在。

----------------------application startup--------------------------
2022-02-16 16:06:36:007 --INFO -- AirParticleDetector:端口“COM1”不存在。
2022-02-16 16:06:36:526 --INFO -- AirParticleDetector:端口“COM1”不存在。
2022-02-16 16:06:37:044 --INFO -- AirParticleDetector:端口“COM1”不存在。
2022-02-16 16:06:37:554 --INFO -- AirParticleDetector:端口“COM1”不存在。
2022-02-16 16:06:38:061 --INFO -- AirParticleDetector:端口“COM1”不存在。
2022-02-16 16:06:38:568 --INFO -- AirParticleDetector:端口“COM1”不存在。
2022-02-16 16:06:39:076 --INFO -- AirParticleDetector:端口“COM1”不存在。
2022-02-16 16:06:39:218 --INFO -- 由于目标计算机积极拒绝，无法连接。 127.0.0.1:6000
2022-02-16 16:06:39:584 --INFO -- AirParticleDetector:端口“COM1”不存在。
2022-02-16 16:06:40:090 --INFO -- AirParticleDetector:端口“COM1”不存在。
2022-02-16 16:06:40:597 --INFO -- AirParticleDetector:端口“COM1”不存在。

 ----------------------application shutdown--------------------------

----------------------application startup--------------------------
2022-02-16 16:14:19:043 --INFO -- AirParticleDetector:端口“COM1”不存在。
2022-02-16 16:14:19:569 --INFO -- AirParticleDetector:端口“COM1”不存在。
2022-02-16 16:14:20:075 --INFO -- AirParticleDetector:端口“COM1”不存在。
2022-02-16 16:14:20:585 --INFO -- AirParticleDetector:端口“COM1”不存在。
2022-02-16 16:14:21:093 --INFO -- AirParticleDetector:端口“COM1”不存在。
2022-02-16 16:14:21:599 --INFO -- AirParticleDetector:端口“COM1”不存在。
2022-02-16 16:14:22:114 --INFO -- AirParticleDetector:端口“COM1”不存在。
2022-02-16 16:14:22:158 --INFO -- 由于目标计算机积极拒绝，无法连接。 127.0.0.1:6000
2022-02-16 16:14:22:622 --INFO -- AirParticleDetector:端口“COM1”不存在。
2022-02-16 16:14:23:132 --INFO -- AirParticleDetector:端口“COM1”不存在。
2022-02-16 16:14:23:640 --INFO -- AirParticleDetector:端口“COM1”不存在。
2022-02-16 16:14:24:148 --INFO -- AirParticleDetector:端口“COM1”不存在。
2022-02-16 16:14:24:655 --INFO -- AirParticleDetector:端口“COM1”不存在。
2022-02-16 16:14:25:162 --INFO -- AirParticleDetector:端口“COM1”不存在。
2022-02-16 16:14:25:669 --INFO -- AirParticleDetector:端口“COM1”不存在。
2022-02-16 16:14:26:176 --INFO -- AirParticleDetector:端口“COM1”不存在。
2022-02-16 16:14:26:685 --INFO -- AirParticleDetector:端口“COM1”不存在。
2022-02-16 16:14:27:192 --INFO -- AirParticleDetector:端口“COM1”不存在。
2022-02-16 16:14:27:700 --INFO -- AirParticleDetector:端口“COM1”不存在。
2022-02-16 16:14:28:208 --INFO -- AirParticleDetector:端口“COM1”不存在。
2022-02-16 16:14:28:309 --INFO -- 由于目标计算机积极拒绝，无法连接。 127.0.0.1:6000
2022-02-16 16:14:28:714 --INFO -- AirParticleDetector:端口“COM1”不存在。
2022-02-16 16:14:29:222 --INFO -- AirParticleDetector:端口“COM1”不存在。
2022-02-16 16:14:29:731 --INFO -- AirParticleDetector:端口“COM1”不存在。
2022-02-16 16:14:30:238 --INFO -- AirParticleDetector:端口“COM1”不存在。
2022-02-16 16:14:30:749 --INFO -- AirParticleDetector:端口“COM1”不存在。
2022-02-16 16:14:31:255 --INFO -- AirParticleDetector:端口“COM1”不存在。
2022-02-16 16:14:31:764 --INFO -- AirParticleDetector:端口“COM1”不存在。
2022-02-16 16:14:32:272 --INFO -- AirParticleDetector:端口“COM1”不存在。
2022-02-16 16:14:32:780 --INFO -- AirParticleDetector:端口“COM1”不存在。
2022-02-16 16:14:33:288 --INFO -- AirParticleDetector:端口“COM1”不存在。
2022-02-16 16:14:33:795 --INFO -- AirParticleDetector:端口“COM1”不存在。
2022-02-16 16:14:34:301 --INFO -- AirParticleDetector:端口“COM1”不存在。
2022-02-16 16:14:34:429 --INFO -- 由于目标计算机积极拒绝，无法连接。 127.0.0.1:6000
2022-02-16 16:14:34:810 --INFO -- AirParticleDetector:端口“COM1”不存在。
2022-02-16 16:14:35:319 --INFO -- AirParticleDetector:端口“COM1”不存在。
2022-02-16 16:14:35:827 --INFO -- AirParticleDetector:端口“COM1”不存在。
2022-02-16 16:14:36:334 --INFO -- AirParticleDetector:端口“COM1”不存在。
2022-02-16 16:14:36:841 --INFO -- AirParticleDetector:端口“COM1”不存在。
2022-02-16 16:14:37:348 --INFO -- AirParticleDetector:端口“COM1”不存在。
2022-02-16 16:14:37:857 --INFO -- AirParticleDetector:端口“COM1”不存在。
2022-02-16 16:14:38:364 --INFO -- AirParticleDetector:端口“COM1”不存在。
2022-02-16 16:14:38:872 --INFO -- AirParticleDetector:端口“COM1”不存在。
2022-02-16 16:14:39:380 --INFO -- AirParticleDetector:端口“COM1”不存在。
2022-02-16 16:14:39:888 --INFO -- AirParticleDetector:端口“COM1”不存在。

----------------------application startup--------------------------
2022-02-16 16:18:15:065 --INFO -- AirParticleDetector:端口“COM1”不存在。

----------------------application startup--------------------------
2022-02-16 16:18:26:675 --INFO -- AirParticleDetector:端口“COM1”不存在。

----------------------application startup--------------------------
2022-02-16 16:18:37:812 --INFO -- AirParticleDetector:端口“COM1”不存在。

----------------------application startup--------------------------
2022-02-16 16:18:48:750 --INFO -- AirParticleDetector:端口“COM1”不存在。

----------------------application startup--------------------------
2022-02-16 16:18:58:875 --INFO -- AirParticleDetector:端口“COM1”不存在。

----------------------application startup--------------------------
2022-02-16 16:22:24:535 --INFO -- AirParticleDetector:端口“COM1”不存在。
2022-02-16 16:22:25:054 --INFO -- AirParticleDetector:端口“COM1”不存在。
2022-02-16 16:22:25:568 --INFO -- AirParticleDetector:端口“COM1”不存在。
2022-02-16 16:22:26:075 --INFO -- AirParticleDetector:端口“COM1”不存在。

----------------------application startup--------------------------
2022-02-16 16:22:57:523 --INFO -- AirParticleDetector:端口“COM1”不存在。

----------------------application startup--------------------------
2022-02-16 16:23:08:253 --INFO -- AirParticleDetector:端口“COM1”不存在。

----------------------application startup--------------------------
2022-02-16 16:23:35:304 --INFO -- AirParticleDetector:端口“COM1”不存在。

----------------------application startup--------------------------
2022-02-16 16:25:03:900 --INFO -- AirParticleDetector:端口“COM1”不存在。

----------------------application startup--------------------------
2022-02-16 16:33:40:219 --INFO -- AirParticleDetector:端口“COM1”不存在。
2022-02-16 16:33:40:790 --INFO -- AirParticleDetector:端口“COM1”不存在。
2022-02-16 16:33:41:303 --INFO -- AirParticleDetector:端口“COM1”不存在。
2022-02-16 16:33:41:820 --INFO -- AirParticleDetector:端口“COM1”不存在。
2022-02-16 16:33:42:357 --INFO -- AirParticleDetector:端口“COM1”不存在。
2022-02-16 16:33:42:864 --INFO -- AirParticleDetector:端口“COM1”不存在。
2022-02-16 16:33:43:351 --INFO -- 由于目标计算机积极拒绝，无法连接。 127.0.0.1:6000
2022-02-16 16:33:43:373 --INFO -- AirParticleDetector:端口“COM1”不存在。
2022-02-16 16:33:43:880 --INFO -- AirParticleDetector:端口“COM1”不存在。
2022-02-16 16:33:44:387 --INFO -- AirParticleDetector:端口“COM1”不存在。
2022-02-16 16:33:44:895 --INFO -- AirParticleDetector:端口“COM1”不存在。
2022-02-16 16:33:45:402 --INFO -- AirParticleDetector:端口“COM1”不存在。
2022-02-16 16:33:45:907 --INFO -- AirParticleDetector:端口“COM1”不存在。
2022-02-16 16:33:46:415 --INFO -- AirParticleDetector:端口“COM1”不存在。
2022-02-16 16:33:46:921 --INFO -- AirParticleDetector:端口“COM1”不存在。
2022-02-16 16:33:47:428 --INFO -- AirParticleDetector:端口“COM1”不存在。
2022-02-16 16:33:47:936 --INFO -- AirParticleDetector:端口“COM1”不存在。
2022-02-16 16:33:48:444 --INFO -- AirParticleDetector:端口“COM1”不存在。
2022-02-16 16:33:48:950 --INFO -- AirParticleDetector:端口“COM1”不存在。
2022-02-16 16:33:49:457 --INFO -- AirParticleDetector:端口“COM1”不存在。
2022-02-16 16:33:49:473 --INFO -- 由于目标计算机积极拒绝，无法连接。 127.0.0.1:6000
2022-02-16 16:33:49:963 --INFO -- AirParticleDetector:端口“COM1”不存在。
2022-02-16 16:33:50:471 --INFO -- AirParticleDetector:端口“COM1”不存在。
2022-02-16 16:33:50:978 --INFO -- AirParticleDetector:端口“COM1”不存在。
2022-02-16 16:33:51:485 --INFO -- AirParticleDetector:端口“COM1”不存在。

 ----------------------application shutdown--------------------------

----------------------application startup--------------------------
2022-02-16 16:33:59:951 --INFO -- AirParticleDetector:端口“COM1”不存在。
2022-02-16 16:34:00:468 --INFO -- AirParticleDetector:端口“COM1”不存在。
2022-02-16 16:34:00:983 --INFO -- AirParticleDetector:端口“COM1”不存在。
2022-02-16 16:34:01:493 --INFO -- AirParticleDetector:端口“COM1”不存在。

----------------------application startup--------------------------
2022-02-16 16:34:29:738 --INFO -- AirParticleDetector:端口“COM1”不存在。
2022-02-16 16:34:30:251 --INFO -- AirParticleDetector:端口“COM1”不存在。

----------------------application startup--------------------------
2022-02-16 16:38:32:815 --INFO -- AirParticleDetector:端口“COM1”不存在。
2022-02-16 16:38:33:340 --INFO -- AirParticleDetector:端口“COM1”不存在。
2022-02-16 16:38:33:855 --INFO -- AirParticleDetector:端口“COM1”不存在。
2022-02-16 16:38:34:361 --INFO -- AirParticleDetector:端口“COM1”不存在。
2022-02-16 16:38:34:871 --INFO -- AirParticleDetector:端口“COM1”不存在。
2022-02-16 16:38:35:381 --INFO -- AirParticleDetector:端口“COM1”不存在。
2022-02-16 16:38:35:888 --INFO -- AirParticleDetector:端口“COM1”不存在。
2022-02-16 16:38:36:047 --INFO -- 由于目标计算机积极拒绝，无法连接。 127.0.0.1:6000
2022-02-16 16:38:36:395 --INFO -- AirParticleDetector:端口“COM1”不存在。
2022-02-16 16:38:36:902 --INFO -- AirParticleDetector:端口“COM1”不存在。
2022-02-16 16:38:37:411 --INFO -- AirParticleDetector:端口“COM1”不存在。
2022-02-16 16:38:37:918 --INFO -- AirParticleDetector:端口“COM1”不存在。
2022-02-16 16:38:38:425 --INFO -- AirParticleDetector:端口“COM1”不存在。
2022-02-16 16:38:38:932 --INFO -- AirParticleDetector:端口“COM1”不存在。
2022-02-16 16:38:39:440 --INFO -- AirParticleDetector:端口“COM1”不存在。
2022-02-16 16:38:39:949 --INFO -- AirParticleDetector:端口“COM1”不存在。
2022-02-16 16:38:40:455 --INFO -- AirParticleDetector:端口“COM1”不存在。
2022-02-16 16:38:40:963 --INFO -- AirParticleDetector:端口“COM1”不存在。
2022-02-16 16:38:41:469 --INFO -- AirParticleDetector:端口“COM1”不存在。
2022-02-16 16:38:41:979 --INFO -- AirParticleDetector:端口“COM1”不存在。
2022-02-16 16:38:42:183 --INFO -- 由于目标计算机积极拒绝，无法连接。 127.0.0.1:6000
2022-02-16 16:38:42:487 --INFO -- AirParticleDetector:端口“COM1”不存在。
2022-02-16 16:38:43:000 --INFO -- AirParticleDetector:端口“COM1”不存在。
2022-02-16 16:38:43:509 --INFO -- AirParticleDetector:端口“COM1”不存在。

 ----------------------application shutdown--------------------------

----------------------application startup--------------------------
2022-02-16 16:39:13:116 --INFO -- AirParticleDetector:端口“COM1”不存在。

----------------------application startup--------------------------
2022-02-16 16:40:08:532 --INFO -- AirParticleDetector:端口“COM1”不存在。
2022-02-16 16:40:09:092 --INFO -- AirParticleDetector:端口“COM1”不存在。
2022-02-16 16:40:09:606 --INFO -- AirParticleDetector:端口“COM1”不存在。
2022-02-16 16:40:10:115 --INFO -- AirParticleDetector:端口“COM1”不存在。
2022-02-16 16:40:10:629 --INFO -- AirParticleDetector:端口“COM1”不存在。
2022-02-16 16:40:11:142 --INFO -- AirParticleDetector:端口“COM1”不存在。
2022-02-16 16:40:11:569 --INFO -- 由于目标计算机积极拒绝，无法连接。 127.0.0.1:6000
2022-02-16 16:40:11:649 --INFO -- AirParticleDetector:端口“COM1”不存在。
2022-02-16 16:40:12:158 --INFO -- AirParticleDetector:端口“COM1”不存在。
2022-02-16 16:40:12:665 --INFO -- AirParticleDetector:端口“COM1”不存在。
2022-02-16 16:40:13:171 --INFO -- AirParticleDetector:端口“COM1”不存在。
2022-02-16 16:40:13:680 --INFO -- AirParticleDetector:端口“COM1”不存在。
2022-02-16 16:40:14:187 --INFO -- AirParticleDetector:端口“COM1”不存在。
2022-02-16 16:40:14:696 --INFO -- AirParticleDetector:端口“COM1”不存在。
2022-02-16 16:40:15:203 --INFO -- AirParticleDetector:端口“COM1”不存在。
2022-02-16 16:40:15:709 --INFO -- AirParticleDetector:端口“COM1”不存在。
2022-02-16 16:40:16:217 --INFO -- AirParticleDetector:端口“COM1”不存在。
2022-02-16 16:40:16:722 --INFO -- AirParticleDetector:端口“COM1”不存在。
2022-02-16 16:40:17:229 --INFO -- AirParticleDetector:端口“COM1”不存在。
2022-02-16 16:40:17:737 --INFO -- AirParticleDetector:端口“COM1”不存在。
2022-02-16 16:40:17:745 --INFO -- 由于目标计算机积极拒绝，无法连接。 127.0.0.1:6000
2022-02-16 16:40:18:244 --INFO -- AirParticleDetector:端口“COM1”不存在。
2022-02-16 16:40:18:750 --INFO -- AirParticleDetector:端口“COM1”不存在。
2022-02-16 16:40:19:257 --INFO -- AirParticleDetector:端口“COM1”不存在。
2022-02-16 16:40:19:771 --INFO -- AirParticleDetector:端口“COM1”不存在。

 ----------------------application shutdown--------------------------

----------------------application startup--------------------------
2022-02-16 16:40:34:605 --INFO -- AirParticleDetector:端口“COM1”不存在。
2022-02-16 16:40:45:318 --INFO -- AirParticleDetector:端口“COM1”不存在。
2022-02-16 16:40:45:838 --INFO -- AirParticleDetector:端口“COM1”不存在。
2022-02-16 16:40:46:344 --INFO -- AirParticleDetector:端口“COM1”不存在。

----------------------application startup--------------------------
2022-02-16 16:40:53:811 --INFO -- AirParticleDetector:端口“COM1”不存在。
2022-02-16 16:40:54:336 --INFO -- AirParticleDetector:端口“COM1”不存在。
2022-02-16 16:40:54:845 --INFO -- AirParticleDetector:端口“COM1”不存在。
2022-02-16 16:40:55:404 --INFO -- AirParticleDetector:端口“COM1”不存在。
2022-02-16 16:40:55:913 --INFO -- AirParticleDetector:端口“COM1”不存在。
2022-02-16 16:40:56:467 --INFO -- AirParticleDetector:端口“COM1”不存在。
2022-02-16 16:40:56:810 --INFO -- 由于目标计算机积极拒绝，无法连接。 127.0.0.1:6000
2022-02-16 16:40:56:974 --INFO -- AirParticleDetector:端口“COM1”不存在。
2022-02-16 16:40:57:481 --INFO -- AirParticleDetector:端口“COM1”不存在。
2022-02-16 16:40:57:994 --INFO -- AirParticleDetector:端口“COM1”不存在。
2022-02-16 16:40:58:500 --INFO -- AirParticleDetector:端口“COM1”不存在。
2022-02-16 16:40:59:006 --INFO -- AirParticleDetector:端口“COM1”不存在。
2022-02-16 16:40:59:513 --INFO -- AirParticleDetector:端口“COM1”不存在。
2022-02-16 16:41:00:024 --INFO -- AirParticleDetector:端口“COM1”不存在。
2022-02-16 16:41:00:531 --INFO -- AirParticleDetector:端口“COM1”不存在。
2022-02-16 16:41:01:038 --INFO -- AirParticleDetector:端口“COM1”不存在。
2022-02-16 16:41:01:549 --INFO -- AirParticleDetector:端口“COM1”不存在。
2022-02-16 16:41:02:056 --INFO -- AirParticleDetector:端口“COM1”不存在。
2022-02-16 16:41:02:568 --INFO -- AirParticleDetector:端口“COM1”不存在。
2022-02-16 16:41:02:928 --INFO -- 由于目标计算机积极拒绝，无法连接。 127.0.0.1:6000
2022-02-16 16:41:03:078 --INFO -- AirParticleDetector:端口“COM1”不存在。
2022-02-16 16:41:03:587 --INFO -- AirParticleDetector:端口“COM1”不存在。
2022-02-16 16:41:04:099 --INFO -- AirParticleDetector:端口“COM1”不存在。
2022-02-16 16:41:04:615 --INFO -- AirParticleDetector:端口“COM1”不存在。
2022-02-16 16:41:05:124 --INFO -- AirParticleDetector:端口“COM1”不存在。
2022-02-16 16:41:05:630 --INFO -- AirParticleDetector:端口“COM1”不存在。
2022-02-16 16:41:06:140 --INFO -- AirParticleDetector:端口“COM1”不存在。
2022-02-16 16:41:06:654 --INFO -- AirParticleDetector:端口“COM1”不存在。
2022-02-16 16:41:07:164 --INFO -- AirParticleDetector:端口“COM1”不存在。
2022-02-16 16:41:07:670 --INFO -- AirParticleDetector:端口“COM1”不存在。
2022-02-16 16:41:08:176 --INFO -- AirParticleDetector:端口“COM1”不存在。
2022-02-16 16:41:08:684 --INFO -- AirParticleDetector:端口“COM1”不存在。
2022-02-16 16:41:09:092 --INFO -- 由于目标计算机积极拒绝，无法连接。 127.0.0.1:6000
2022-02-16 16:41:09:194 --INFO -- AirParticleDetector:端口“COM1”不存在。
2022-02-16 16:41:09:702 --INFO -- AirParticleDetector:端口“COM1”不存在。
2022-02-16 16:41:10:209 --INFO -- AirParticleDetector:端口“COM1”不存在。
2022-02-16 16:41:10:715 --INFO -- AirParticleDetector:端口“COM1”不存在。
2022-02-16 16:41:11:229 --INFO -- AirParticleDetector:端口“COM1”不存在。
2022-02-16 16:41:11:735 --INFO -- AirParticleDetector:端口“COM1”不存在。
2022-02-16 16:41:12:242 --INFO -- AirParticleDetector:端口“COM1”不存在。
2022-02-16 16:41:12:755 --INFO -- AirParticleDetector:端口“COM1”不存在。
2022-02-16 16:41:13:273 --INFO -- AirParticleDetector:端口“COM1”不存在。
2022-02-16 16:41:13:786 --INFO -- AirParticleDetector:端口“COM1”不存在。

----------------------application startup--------------------------
2022-02-16 16:41:27:081 --INFO -- AirParticleDetector:端口“COM1”不存在。

----------------------application startup--------------------------
2022-02-16 16:43:03:710 --INFO -- AirParticleDetector:端口“COM1”不存在。

----------------------application startup--------------------------
2022-02-16 16:43:49:762 --INFO -- AirParticleDetector:端口“COM1”不存在。

----------------------application startup--------------------------
2022-02-16 16:44:02:176 --INFO -- AirParticleDetector:端口“COM1”不存在。
2022-02-16 16:44:02:720 --INFO -- AirParticleDetector:端口“COM1”不存在。
2022-02-16 16:44:03:245 --INFO -- AirParticleDetector:端口“COM1”不存在。
2022-02-16 16:44:03:753 --INFO -- AirParticleDetector:端口“COM1”不存在。
2022-02-16 16:44:04:260 --INFO -- AirParticleDetector:端口“COM1”不存在。
2022-02-16 16:44:04:781 --INFO -- AirParticleDetector:端口“COM1”不存在。
2022-02-16 16:44:05:288 --INFO -- AirParticleDetector:端口“COM1”不存在。
2022-02-16 16:44:05:390 --INFO -- 由于目标计算机积极拒绝，无法连接。 127.0.0.1:6000
2022-02-16 16:44:05:795 --INFO -- AirParticleDetector:端口“COM1”不存在。
2022-02-16 16:44:06:302 --INFO -- AirParticleDetector:端口“COM1”不存在。
2022-02-16 16:44:06:809 --INFO -- AirParticleDetector:端口“COM1”不存在。
2022-02-16 16:44:07:317 --INFO -- AirParticleDetector:端口“COM1”不存在。
2022-02-16 16:44:07:823 --INFO -- AirParticleDetector:端口“COM1”不存在。
2022-02-16 16:44:08:330 --INFO -- AirParticleDetector:端口“COM1”不存在。
2022-02-16 16:44:08:836 --INFO -- AirParticleDetector:端口“COM1”不存在。
2022-02-16 16:44:09:342 --INFO -- AirParticleDetector:端口“COM1”不存在。
2022-02-16 16:44:09:848 --INFO -- AirParticleDetector:端口“COM1”不存在。
2022-02-16 16:44:10:356 --INFO -- AirParticleDetector:端口“COM1”不存在。
2022-02-16 16:44:10:863 --INFO -- AirParticleDetector:端口“COM1”不存在。
2022-02-16 16:44:11:373 --INFO -- AirParticleDetector:端口“COM1”不存在。
2022-02-16 16:44:11:511 --INFO -- 由于目标计算机积极拒绝，无法连接。 127.0.0.1:6000
2022-02-16 16:44:11:885 --INFO -- AirParticleDetector:端口“COM1”不存在。
2022-02-16 16:44:12:403 --INFO -- AirParticleDetector:端口“COM1”不存在。
2022-02-16 16:44:12:914 --INFO -- AirParticleDetector:端口“COM1”不存在。
2022-02-16 16:44:13:426 --INFO -- AirParticleDetector:端口“COM1”不存在。
2022-02-16 16:44:13:932 --INFO -- AirParticleDetector:端口“COM1”不存在。
2022-02-16 16:44:14:442 --INFO -- AirParticleDetector:端口“COM1”不存在。
2022-02-16 16:44:14:948 --INFO -- AirParticleDetector:端口“COM1”不存在。
2022-02-16 16:44:15:458 --INFO -- AirParticleDetector:端口“COM1”不存在。
2022-02-16 16:44:15:965 --INFO -- AirParticleDetector:端口“COM1”不存在。
2022-02-16 16:44:16:471 --INFO -- AirParticleDetector:端口“COM1”不存在。
2022-02-16 16:44:16:981 --INFO -- AirParticleDetector:端口“COM1”不存在。
2022-02-16 16:44:17:487 --INFO -- AirParticleDetector:端口“COM1”不存在。
2022-02-16 16:44:17:615 --INFO -- 由于目标计算机积极拒绝，无法连接。 127.0.0.1:6000
2022-02-16 16:44:18:037 --INFO -- AirParticleDetector:端口“COM1”不存在。
2022-02-16 16:44:18:545 --INFO -- AirParticleDetector:端口“COM1”不存在。
2022-02-16 16:44:19:052 --INFO -- AirParticleDetector:端口“COM1”不存在。
2022-02-16 16:44:19:562 --INFO -- AirParticleDetector:端口“COM1”不存在。
2022-02-16 16:44:20:071 --INFO -- AirParticleDetector:端口“COM1”不存在。
2022-02-16 16:44:20:586 --INFO -- AirParticleDetector:端口“COM1”不存在。
2022-02-16 16:44:21:092 --INFO -- AirParticleDetector:端口“COM1”不存在。
2022-02-16 16:44:21:602 --INFO -- AirParticleDetector:端口“COM1”不存在。
2022-02-16 16:44:22:114 --INFO -- AirParticleDetector:端口“COM1”不存在。
2022-02-16 16:44:22:621 --INFO -- AirParticleDetector:端口“COM1”不存在。
2022-02-16 16:44:23:126 --INFO -- AirParticleDetector:端口“COM1”不存在。

----------------------application startup--------------------------
2022-02-16 16:44:45:074 --INFO -- AirParticleDetector:端口“COM1”不存在。
2022-02-16 16:44:45:586 --INFO -- AirParticleDetector:端口“COM1”不存在。
2022-02-16 16:44:46:100 --INFO -- AirParticleDetector:端口“COM1”不存在。
2022-02-16 16:44:46:610 --INFO -- AirParticleDetector:端口“COM1”不存在。
2022-02-16 16:44:47:123 --INFO -- AirParticleDetector:端口“COM1”不存在。
2022-02-16 16:44:47:632 --INFO -- AirParticleDetector:端口“COM1”不存在。
2022-02-16 16:44:48:139 --INFO -- AirParticleDetector:端口“COM1”不存在。
2022-02-16 16:44:48:382 --INFO -- 由于目标计算机积极拒绝，无法连接。 127.0.0.1:6000
2022-02-16 16:44:48:649 --INFO -- AirParticleDetector:端口“COM1”不存在。
2022-02-16 16:44:49:155 --INFO -- AirParticleDetector:端口“COM1”不存在。
2022-02-16 16:44:49:664 --INFO -- AirParticleDetector:端口“COM1”不存在。
2022-02-16 16:44:50:171 --INFO -- AirParticleDetector:端口“COM1”不存在。
2022-02-16 16:44:50:678 --INFO -- AirParticleDetector:端口“COM1”不存在。
2022-02-16 16:44:51:185 --INFO -- AirParticleDetector:端口“COM1”不存在。
2022-02-16 16:44:51:692 --INFO -- AirParticleDetector:端口“COM1”不存在。
2022-02-16 16:44:52:201 --INFO -- AirParticleDetector:端口“COM1”不存在。
2022-02-16 16:44:52:716 --INFO -- AirParticleDetector:端口“COM1”不存在。
2022-02-16 16:44:53:221 --INFO -- AirParticleDetector:端口“COM1”不存在。
2022-02-16 16:44:53:730 --INFO -- AirParticleDetector:端口“COM1”不存在。
2022-02-16 16:44:54:241 --INFO -- AirParticleDetector:端口“COM1”不存在。
2022-02-16 16:44:54:554 --INFO -- 由于目标计算机积极拒绝，无法连接。 127.0.0.1:6000
2022-02-16 16:44:54:751 --INFO -- AirParticleDetector:端口“COM1”不存在。
2022-02-16 16:44:55:266 --INFO -- AirParticleDetector:端口“COM1”不存在。
2022-02-16 16:44:55:777 --INFO -- AirParticleDetector:端口“COM1”不存在。
2022-02-16 16:44:56:288 --INFO -- AirParticleDetector:端口“COM1”不存在。
2022-02-16 16:44:56:795 --INFO -- AirParticleDetector:端口“COM1”不存在。
2022-02-16 16:44:57:304 --INFO -- AirParticleDetector:端口“COM1”不存在。
2022-02-16 16:44:57:811 --INFO -- AirParticleDetector:端口“COM1”不存在。
2022-02-16 16:44:58:317 --INFO -- AirParticleDetector:端口“COM1”不存在。
2022-02-16 16:44:58:825 --INFO -- AirParticleDetector:端口“COM1”不存在。
2022-02-16 16:44:59:332 --INFO -- AirParticleDetector:端口“COM1”不存在。
2022-02-16 16:44:59:838 --INFO -- AirParticleDetector:端口“COM1”不存在。
2022-02-16 16:45:00:345 --INFO -- AirParticleDetector:端口“COM1”不存在。
2022-02-16 16:45:00:673 --INFO -- 由于目标计算机积极拒绝，无法连接。 127.0.0.1:6000
2022-02-16 16:45:00:852 --INFO -- AirParticleDetector:端口“COM1”不存在。
2022-02-16 16:45:01:358 --INFO -- AirParticleDetector:端口“COM1”不存在。
2022-02-16 16:45:01:865 --INFO -- AirParticleDetector:端口“COM1”不存在。
2022-02-16 16:45:02:372 --INFO -- AirParticleDetector:端口“COM1”不存在。
2022-02-16 16:45:02:878 --INFO -- AirParticleDetector:端口“COM1”不存在。
2022-02-16 16:45:03:386 --INFO -- AirParticleDetector:端口“COM1”不存在。

 ----------------------application shutdown--------------------------

----------------------application startup--------------------------
2022-02-16 16:45:13:286 --INFO -- AirParticleDetector:端口“COM1”不存在。
2022-02-16 16:45:13:808 --INFO -- AirParticleDetector:端口“COM1”不存在。
2022-02-16 16:45:14:322 --INFO -- AirParticleDetector:端口“COM1”不存在。
2022-02-16 16:45:14:884 --INFO -- AirParticleDetector:端口“COM1”不存在。
2022-02-16 16:45:15:391 --INFO -- AirParticleDetector:端口“COM1”不存在。
2022-02-16 16:45:15:899 --INFO -- AirParticleDetector:端口“COM1”不存在。
2022-02-16 16:45:16:438 --INFO -- AirParticleDetector:端口“COM1”不存在。
2022-02-16 16:45:16:444 --INFO -- 由于目标计算机积极拒绝，无法连接。 127.0.0.1:6000
2022-02-16 16:45:16:945 --INFO -- AirParticleDetector:端口“COM1”不存在。
2022-02-16 16:45:17:451 --INFO -- AirParticleDetector:端口“COM1”不存在。
2022-02-16 16:45:17:959 --INFO -- AirParticleDetector:端口“COM1”不存在。
2022-02-16 16:45:18:466 --INFO -- AirParticleDetector:端口“COM1”不存在。
2022-02-16 16:45:18:974 --INFO -- AirParticleDetector:端口“COM1”不存在。
2022-02-16 16:45:19:481 --INFO -- AirParticleDetector:端口“COM1”不存在。
2022-02-16 16:45:19:989 --INFO -- AirParticleDetector:端口“COM1”不存在。
2022-02-16 16:45:20:496 --INFO -- AirParticleDetector:端口“COM1”不存在。
2022-02-16 16:45:21:005 --INFO -- AirParticleDetector:端口“COM1”不存在。
2022-02-16 16:45:21:513 --INFO -- AirParticleDetector:端口“COM1”不存在。
2022-02-16 16:45:22:020 --INFO -- AirParticleDetector:端口“COM1”不存在。
2022-02-16 16:45:22:526 --INFO -- AirParticleDetector:端口“COM1”不存在。
2022-02-16 16:45:22:555 --INFO -- 由于目标计算机积极拒绝，无法连接。 127.0.0.1:6000
2022-02-16 16:45:23:035 --INFO -- AirParticleDetector:端口“COM1”不存在。
2022-02-16 16:45:23:541 --INFO -- AirParticleDetector:端口“COM1”不存在。
2022-02-16 16:45:24:051 --INFO -- AirParticleDetector:端口“COM1”不存在。
2022-02-16 16:45:24:560 --INFO -- AirParticleDetector:端口“COM1”不存在。
2022-02-16 16:45:25:070 --INFO -- AirParticleDetector:端口“COM1”不存在。
2022-02-16 16:45:25:576 --INFO -- AirParticleDetector:端口“COM1”不存在。
2022-02-16 16:45:26:082 --INFO -- AirParticleDetector:端口“COM1”不存在。
2022-02-16 16:45:26:590 --INFO -- AirParticleDetector:端口“COM1”不存在。
2022-02-16 16:45:27:097 --INFO -- AirParticleDetector:端口“COM1”不存在。
2022-02-16 16:45:27:606 --INFO -- AirParticleDetector:端口“COM1”不存在。
2022-02-16 16:45:28:117 --INFO -- AirParticleDetector:端口“COM1”不存在。
2022-02-16 16:45:28:628 --INFO -- AirParticleDetector:端口“COM1”不存在。
2022-02-16 16:45:28:690 --INFO -- 由于目标计算机积极拒绝，无法连接。 127.0.0.1:6000
2022-02-16 16:45:29:141 --INFO -- AirParticleDetector:端口“COM1”不存在。
2022-02-16 16:45:29:652 --INFO -- AirParticleDetector:端口“COM1”不存在。
2022-02-16 16:45:30:161 --INFO -- AirParticleDetector:端口“COM1”不存在。
2022-02-16 16:45:30:668 --INFO -- AirParticleDetector:端口“COM1”不存在。
2022-02-16 16:45:31:174 --INFO -- AirParticleDetector:端口“COM1”不存在。
2022-02-16 16:45:31:685 --INFO -- AirParticleDetector:端口“COM1”不存在。
2022-02-16 16:45:32:201 --INFO -- AirParticleDetector:端口“COM1”不存在。
2022-02-16 16:45:32:713 --INFO -- AirParticleDetector:端口“COM1”不存在。
2022-02-16 16:45:33:219 --INFO -- AirParticleDetector:端口“COM1”不存在。
2022-02-16 16:45:33:726 --INFO -- AirParticleDetector:端口“COM1”不存在。
2022-02-16 16:45:34:235 --INFO -- AirParticleDetector:端口“COM1”不存在。

----------------------application startup--------------------------
2022-02-16 16:46:20:446 --INFO -- AirParticleDetector:端口“COM1”不存在。
2022-02-16 16:46:20:967 --INFO -- AirParticleDetector:端口“COM1”不存在。
2022-02-16 16:46:21:475 --INFO -- AirParticleDetector:端口“COM1”不存在。
2022-02-16 16:46:21:983 --INFO -- AirParticleDetector:端口“COM1”不存在。
2022-02-16 16:46:22:492 --INFO -- AirParticleDetector:端口“COM1”不存在。
2022-02-16 16:46:22:999 --INFO -- AirParticleDetector:端口“COM1”不存在。
2022-02-16 16:46:23:510 --INFO -- AirParticleDetector:端口“COM1”不存在。

----------------------application startup--------------------------
2022-02-16 16:54:33:698 --INFO -- AirParticleDetector:端口“COM1”不存在。
2022-02-16 16:54:34:224 --INFO -- AirParticleDetector:端口“COM1”不存在。
2022-02-16 16:54:34:739 --INFO -- AirParticleDetector:端口“COM1”不存在。
2022-02-16 16:54:35:247 --INFO -- AirParticleDetector:端口“COM1”不存在。
2022-02-16 16:54:35:759 --INFO -- AirParticleDetector:端口“COM1”不存在。
2022-02-16 16:54:36:277 --INFO -- AirParticleDetector:端口“COM1”不存在。
2022-02-16 16:54:36:784 --INFO -- AirParticleDetector:端口“COM1”不存在。
2022-02-16 16:54:36:843 --INFO -- 由于目标计算机积极拒绝，无法连接。 127.0.0.1:6000
2022-02-16 16:54:37:291 --INFO -- AirParticleDetector:端口“COM1”不存在。
2022-02-16 16:54:37:799 --INFO -- AirParticleDetector:端口“COM1”不存在。
2022-02-16 16:54:38:305 --INFO -- AirParticleDetector:端口“COM1”不存在。
2022-02-16 16:54:38:813 --INFO -- AirParticleDetector:端口“COM1”不存在。
2022-02-16 16:54:39:320 --INFO -- AirParticleDetector:端口“COM1”不存在。
2022-02-16 16:54:39:828 --INFO -- AirParticleDetector:端口“COM1”不存在。
2022-02-16 16:54:40:335 --INFO -- AirParticleDetector:端口“COM1”不存在。
2022-02-16 16:54:40:844 --INFO -- AirParticleDetector:端口“COM1”不存在。
2022-02-16 16:54:41:353 --INFO -- AirParticleDetector:端口“COM1”不存在。
2022-02-16 16:54:41:860 --INFO -- AirParticleDetector:端口“COM1”不存在。
2022-02-16 16:54:42:368 --INFO -- AirParticleDetector:端口“COM1”不存在。
2022-02-16 16:54:42:875 --INFO -- AirParticleDetector:端口“COM1”不存在。
2022-02-16 16:54:43:012 --INFO -- 由于目标计算机积极拒绝，无法连接。 127.0.0.1:6000
2022-02-16 16:54:43:384 --INFO -- AirParticleDetector:端口“COM1”不存在。
2022-02-16 16:54:43:891 --INFO -- AirParticleDetector:端口“COM1”不存在。
2022-02-16 16:54:44:400 --INFO -- AirParticleDetector:端口“COM1”不存在。
2022-02-16 16:54:44:908 --INFO -- AirParticleDetector:端口“COM1”不存在。
2022-02-16 16:54:45:415 --INFO -- AirParticleDetector:端口“COM1”不存在。
2022-02-16 16:54:45:922 --INFO -- AirParticleDetector:端口“COM1”不存在。
2022-02-16 16:54:46:428 --INFO -- AirParticleDetector:端口“COM1”不存在。
2022-02-16 16:54:46:935 --INFO -- AirParticleDetector:端口“COM1”不存在。
2022-02-16 16:54:47:443 --INFO -- AirParticleDetector:端口“COM1”不存在。
2022-02-16 16:54:47:950 --INFO -- AirParticleDetector:端口“COM1”不存在。
2022-02-16 16:54:48:456 --INFO -- AirParticleDetector:端口“COM1”不存在。
2022-02-16 16:54:48:966 --INFO -- AirParticleDetector:端口“COM1”不存在。
2022-02-16 16:54:49:156 --INFO -- 由于目标计算机积极拒绝，无法连接。 127.0.0.1:6000
2022-02-16 16:54:49:471 --INFO -- AirParticleDetector:端口“COM1”不存在。
2022-02-16 16:54:49:978 --INFO -- AirParticleDetector:端口“COM1”不存在。
2022-02-16 16:54:50:483 --INFO -- AirParticleDetector:端口“COM1”不存在。
2022-02-16 16:54:50:990 --INFO -- AirParticleDetector:端口“COM1”不存在。
2022-02-16 16:54:51:499 --INFO -- AirParticleDetector:端口“COM1”不存在。
2022-02-16 16:54:52:030 --INFO -- AirParticleDetector:端口“COM1”不存在。
2022-02-16 16:54:52:538 --INFO -- AirParticleDetector:端口“COM1”不存在。
2022-02-16 16:54:53:046 --INFO -- AirParticleDetector:端口“COM1”不存在。
2022-02-16 16:54:53:557 --INFO -- AirParticleDetector:端口“COM1”不存在。
2022-02-16 16:54:54:069 --INFO -- AirParticleDetector:端口“COM1”不存在。
2022-02-16 16:54:54:576 --INFO -- AirParticleDetector:端口“COM1”不存在。
2022-02-16 16:54:55:092 --INFO -- AirParticleDetector:端口“COM1”不存在。
2022-02-16 16:54:55:273 --INFO -- 由于目标计算机积极拒绝，无法连接。 127.0.0.1:6000
2022-02-16 16:54:55:605 --INFO -- AirParticleDetector:端口“COM1”不存在。
2022-02-16 16:54:56:113 --INFO -- AirParticleDetector:端口“COM1”不存在。
2022-02-16 16:54:56:618 --INFO -- AirParticleDetector:端口“COM1”不存在。
2022-02-16 16:54:57:125 --INFO -- AirParticleDetector:端口“COM1”不存在。
2022-02-16 16:54:57:631 --INFO -- AirParticleDetector:端口“COM1”不存在。
2022-02-16 16:54:58:137 --INFO -- AirParticleDetector:端口“COM1”不存在。
2022-02-16 16:54:58:644 --INFO -- AirParticleDetector:端口“COM1”不存在。
2022-02-16 16:54:59:153 --INFO -- AirParticleDetector:端口“COM1”不存在。
2022-02-16 16:54:59:666 --INFO -- AirParticleDetector:端口“COM1”不存在。
2022-02-16 16:55:00:173 --INFO -- AirParticleDetector:端口“COM1”不存在。
2022-02-16 16:55:00:682 --INFO -- AirParticleDetector:端口“COM1”不存在。
2022-02-16 16:55:01:190 --INFO -- AirParticleDetector:端口“COM1”不存在。
2022-02-16 16:55:01:413 --INFO -- 由于目标计算机积极拒绝，无法连接。 127.0.0.1:6000
2022-02-16 16:55:01:697 --INFO -- AirParticleDetector:端口“COM1”不存在。
2022-02-16 16:55:02:203 --INFO -- AirParticleDetector:端口“COM1”不存在。
2022-02-16 16:55:02:710 --INFO -- AirParticleDetector:端口“COM1”不存在。
2022-02-16 16:55:03:216 --INFO -- AirParticleDetector:端口“COM1”不存在。
2022-02-16 16:55:03:723 --INFO -- AirParticleDetector:端口“COM1”不存在。
2022-02-16 16:55:04:231 --INFO -- AirParticleDetector:端口“COM1”不存在。
2022-02-16 16:55:04:743 --INFO -- AirParticleDetector:端口“COM1”不存在。
2022-02-16 16:55:05:286 --INFO -- AirParticleDetector:端口“COM1”不存在。
2022-02-16 16:55:05:794 --INFO -- AirParticleDetector:端口“COM1”不存在。
2022-02-16 16:55:06:302 --INFO -- AirParticleDetector:端口“COM1”不存在。
2022-02-16 16:55:06:809 --INFO -- AirParticleDetector:端口“COM1”不存在。
2022-02-16 16:55:07:317 --INFO -- AirParticleDetector:端口“COM1”不存在。
2022-02-16 16:55:07:535 --INFO -- 由于目标计算机积极拒绝，无法连接。 127.0.0.1:6000
2022-02-16 16:55:07:827 --INFO -- AirParticleDetector:端口“COM1”不存在。
2022-02-16 16:55:08:334 --INFO -- AirParticleDetector:端口“COM1”不存在。
2022-02-16 16:55:08:840 --INFO -- AirParticleDetector:端口“COM1”不存在。
2022-02-16 16:55:09:347 --INFO -- AirParticleDetector:端口“COM1”不存在。
2022-02-16 16:55:09:855 --INFO -- AirParticleDetector:端口“COM1”不存在。
2022-02-16 16:55:10:361 --INFO -- AirParticleDetector:端口“COM1”不存在。
2022-02-16 16:55:10:867 --INFO -- AirParticleDetector:端口“COM1”不存在。
2022-02-16 16:55:11:376 --INFO -- AirParticleDetector:端口“COM1”不存在。
2022-02-16 16:55:11:891 --INFO -- AirParticleDetector:端口“COM1”不存在。
2022-02-16 16:55:12:398 --INFO -- AirParticleDetector:端口“COM1”不存在。
2022-02-16 16:55:12:905 --INFO -- AirParticleDetector:端口“COM1”不存在。
2022-02-16 16:55:13:411 --INFO -- AirParticleDetector:端口“COM1”不存在。
2022-02-16 16:55:13:622 --INFO -- 由于目标计算机积极拒绝，无法连接。 127.0.0.1:6000
2022-02-16 16:55:13:918 --INFO -- AirParticleDetector:端口“COM1”不存在。
2022-02-16 16:55:14:426 --INFO -- AirParticleDetector:端口“COM1”不存在。
2022-02-16 16:55:14:937 --INFO -- AirParticleDetector:端口“COM1”不存在。
2022-02-16 16:55:15:451 --INFO -- AirParticleDetector:端口“COM1”不存在。
2022-02-16 16:55:15:959 --INFO -- AirParticleDetector:端口“COM1”不存在。
2022-02-16 16:55:16:465 --INFO -- AirParticleDetector:端口“COM1”不存在。
2022-02-16 16:55:16:971 --INFO -- AirParticleDetector:端口“COM1”不存在。
2022-02-16 16:55:17:477 --INFO -- AirParticleDetector:端口“COM1”不存在。
2022-02-16 16:55:17:992 --INFO -- AirParticleDetector:端口“COM1”不存在。
2022-02-16 16:55:18:506 --INFO -- AirParticleDetector:端口“COM1”不存在。
2022-02-16 16:55:19:014 --INFO -- AirParticleDetector:端口“COM1”不存在。
2022-02-16 16:55:19:523 --INFO -- AirParticleDetector:端口“COM1”不存在。
2022-02-16 16:55:19:730 --INFO -- 由于目标计算机积极拒绝，无法连接。 127.0.0.1:6000
2022-02-16 16:55:20:029 --INFO -- AirParticleDetector:端口“COM1”不存在。
2022-02-16 16:55:20:544 --INFO -- AirParticleDetector:端口“COM1”不存在。
2022-02-16 16:55:21:077 --INFO -- AirParticleDetector:端口“COM1”不存在。
2022-02-16 16:55:21:610 --INFO -- AirParticleDetector:端口“COM1”不存在。
2022-02-16 16:55:22:118 --INFO -- AirParticleDetector:端口“COM1”不存在。
2022-02-16 16:55:22:656 --INFO -- AirParticleDetector:端口“COM1”不存在。
2022-02-16 16:55:23:205 --INFO -- AirParticleDetector:端口“COM1”不存在。
2022-02-16 16:55:23:718 --INFO -- AirParticleDetector:端口“COM1”不存在。
2022-02-16 16:55:24:226 --INFO -- AirParticleDetector:端口“COM1”不存在。
2022-02-16 16:55:24:736 --INFO -- AirParticleDetector:端口“COM1”不存在。
2022-02-16 16:55:25:247 --INFO -- AirParticleDetector:端口“COM1”不存在。
2022-02-16 16:55:25:757 --INFO -- AirParticleDetector:端口“COM1”不存在。
2022-02-16 16:55:25:873 --INFO -- 由于目标计算机积极拒绝，无法连接。 127.0.0.1:6000
2022-02-16 16:55:26:263 --INFO -- AirParticleDetector:端口“COM1”不存在。
2022-02-16 16:55:26:771 --INFO -- AirParticleDetector:端口“COM1”不存在。
2022-02-16 16:55:27:280 --INFO -- AirParticleDetector:端口“COM1”不存在。
2022-02-16 16:55:27:792 --INFO -- AirParticleDetector:端口“COM1”不存在。
2022-02-16 16:55:28:299 --INFO -- AirParticleDetector:端口“COM1”不存在。
2022-02-16 16:55:28:805 --INFO -- AirParticleDetector:端口“COM1”不存在。
2022-02-16 16:55:29:316 --INFO -- AirParticleDetector:端口“COM1”不存在。
2022-02-16 16:55:29:829 --INFO -- AirParticleDetector:端口“COM1”不存在。
2022-02-16 16:55:30:338 --INFO -- AirParticleDetector:端口“COM1”不存在。
2022-02-16 16:55:30:844 --INFO -- AirParticleDetector:端口“COM1”不存在。
2022-02-16 16:55:31:355 --INFO -- AirParticleDetector:端口“COM1”不存在。
2022-02-16 16:55:31:870 --INFO -- AirParticleDetector:端口“COM1”不存在。
2022-02-16 16:55:32:007 --INFO -- 由于目标计算机积极拒绝，无法连接。 127.0.0.1:6000
2022-02-16 16:55:32:382 --INFO -- AirParticleDetector:端口“COM1”不存在。
2022-02-16 16:55:32:892 --INFO -- AirParticleDetector:端口“COM1”不存在。
2022-02-16 16:55:33:398 --INFO -- AirParticleDetector:端口“COM1”不存在。
2022-02-16 16:55:33:907 --INFO -- AirParticleDetector:端口“COM1”不存在。
2022-02-16 16:55:34:419 --INFO -- AirParticleDetector:端口“COM1”不存在。
2022-02-16 16:55:34:927 --INFO -- AirParticleDetector:端口“COM1”不存在。
2022-02-16 16:55:35:438 --INFO -- AirParticleDetector:端口“COM1”不存在。
2022-02-16 16:55:35:945 --INFO -- AirParticleDetector:端口“COM1”不存在。
2022-02-16 16:55:36:451 --INFO -- AirParticleDetector:端口“COM1”不存在。
2022-02-16 16:55:36:963 --INFO -- AirParticleDetector:端口“COM1”不存在。
2022-02-16 16:55:37:476 --INFO -- AirParticleDetector:端口“COM1”不存在。
2022-02-16 16:55:37:987 --INFO -- AirParticleDetector:端口“COM1”不存在。
2022-02-16 16:55:38:137 --INFO -- 由于目标计算机积极拒绝，无法连接。 127.0.0.1:6000
2022-02-16 16:55:38:493 --INFO -- AirParticleDetector:端口“COM1”不存在。
2022-02-16 16:55:39:001 --INFO -- AirParticleDetector:端口“COM1”不存在。
2022-02-16 16:55:39:507 --INFO -- AirParticleDetector:端口“COM1”不存在。
2022-02-16 16:55:40:013 --INFO -- AirParticleDetector:端口“COM1”不存在。
2022-02-16 16:55:40:520 --INFO -- AirParticleDetector:端口“COM1”不存在。
2022-02-16 16:55:41:037 --INFO -- AirParticleDetector:端口“COM1”不存在。
2022-02-16 16:55:41:558 --INFO -- AirParticleDetector:端口“COM1”不存在。
2022-02-16 16:55:42:065 --INFO -- AirParticleDetector:端口“COM1”不存在。
2022-02-16 16:55:42:573 --INFO -- AirParticleDetector:端口“COM1”不存在。
2022-02-16 16:55:43:088 --INFO -- AirParticleDetector:端口“COM1”不存在。
2022-02-16 16:55:43:597 --INFO -- AirParticleDetector:端口“COM1”不存在。
2022-02-16 16:55:44:113 --INFO -- AirParticleDetector:端口“COM1”不存在。
2022-02-16 16:55:44:621 --INFO -- AirParticleDetector:端口“COM1”不存在。
2022-02-16 16:55:45:128 --INFO -- AirParticleDetector:端口“COM1”不存在。
2022-02-16 16:55:45:638 --INFO -- AirParticleDetector:端口“COM1”不存在。
2022-02-16 16:55:46:154 --INFO -- AirParticleDetector:端口“COM1”不存在。
2022-02-16 16:55:46:663 --INFO -- AirParticleDetector:端口“COM1”不存在。
2022-02-16 16:55:47:178 --INFO -- AirParticleDetector:端口“COM1”不存在。
2022-02-16 16:55:47:695 --INFO -- AirParticleDetector:端口“COM1”不存在。
2022-02-16 16:55:48:205 --INFO -- AirParticleDetector:端口“COM1”不存在。
2022-02-16 16:55:48:723 --INFO -- AirParticleDetector:端口“COM1”不存在。
2022-02-16 16:55:49:239 --INFO -- AirParticleDetector:端口“COM1”不存在。
2022-02-16 16:55:49:753 --INFO -- AirParticleDetector:端口“COM1”不存在。
2022-02-16 16:55:50:265 --INFO -- AirParticleDetector:端口“COM1”不存在。
2022-02-16 16:55:50:772 --INFO -- AirParticleDetector:端口“COM1”不存在。
2022-02-16 16:55:51:286 --INFO -- AirParticleDetector:端口“COM1”不存在。
2022-02-16 16:55:51:794 --INFO -- AirParticleDetector:端口“COM1”不存在。
2022-02-16 16:55:52:309 --INFO -- AirParticleDetector:端口“COM1”不存在。
2022-02-16 16:55:52:822 --INFO -- AirParticleDetector:端口“COM1”不存在。
2022-02-16 16:55:53:327 --INFO -- AirParticleDetector:端口“COM1”不存在。
2022-02-16 16:55:53:833 --INFO -- AirParticleDetector:端口“COM1”不存在。
2022-02-16 16:55:54:339 --INFO -- AirParticleDetector:端口“COM1”不存在。
2022-02-16 16:55:54:856 --INFO -- AirParticleDetector:端口“COM1”不存在。
2022-02-16 16:55:55:365 --INFO -- AirParticleDetector:端口“COM1”不存在。
2022-02-16 16:55:55:875 --INFO -- AirParticleDetector:端口“COM1”不存在。
2022-02-16 16:55:56:391 --INFO -- AirParticleDetector:端口“COM1”不存在。
2022-02-16 16:55:56:898 --INFO -- AirParticleDetector:端口“COM1”不存在。
2022-02-16 16:55:57:412 --INFO -- AirParticleDetector:端口“COM1”不存在。
2022-02-16 16:55:57:929 --INFO -- AirParticleDetector:端口“COM1”不存在。
2022-02-16 16:55:58:436 --INFO -- AirParticleDetector:端口“COM1”不存在。
2022-02-16 16:55:58:943 --INFO -- AirParticleDetector:端口“COM1”不存在。
2022-02-16 16:55:59:454 --INFO -- AirParticleDetector:端口“COM1”不存在。
2022-02-16 16:55:59:965 --INFO -- AirParticleDetector:端口“COM1”不存在。
2022-02-16 16:56:00:482 --INFO -- AirParticleDetector:端口“COM1”不存在。
2022-02-16 16:56:00:996 --INFO -- AirParticleDetector:端口“COM1”不存在。
2022-02-16 16:56:01:503 --INFO -- AirParticleDetector:端口“COM1”不存在。
2022-02-16 16:56:02:009 --INFO -- AirParticleDetector:端口“COM1”不存在。
2022-02-16 16:56:02:518 --INFO -- AirParticleDetector:端口“COM1”不存在。
2022-02-16 16:56:03:026 --INFO -- AirParticleDetector:端口“COM1”不存在。
2022-02-16 16:56:03:536 --INFO -- AirParticleDetector:端口“COM1”不存在。
2022-02-16 16:56:04:042 --INFO -- AirParticleDetector:端口“COM1”不存在。
2022-02-16 16:56:04:550 --INFO -- AirParticleDetector:端口“COM1”不存在。
2022-02-16 16:56:05:065 --INFO -- AirParticleDetector:端口“COM1”不存在。
2022-02-16 16:56:05:579 --INFO -- AirParticleDetector:端口“COM1”不存在。
2022-02-16 16:56:06:087 --INFO -- AirParticleDetector:端口“COM1”不存在。
2022-02-16 16:56:06:595 --INFO -- AirParticleDetector:端口“COM1”不存在。
2022-02-16 16:56:07:103 --INFO -- AirParticleDetector:端口“COM1”不存在。
2022-02-16 16:56:07:611 --INFO -- AirParticleDetector:端口“COM1”不存在。
2022-02-16 16:56:08:119 --INFO -- AirParticleDetector:端口“COM1”不存在。
2022-02-16 16:56:08:628 --INFO -- AirParticleDetector:端口“COM1”不存在。
2022-02-16 16:56:09:137 --INFO -- AirParticleDetector:端口“COM1”不存在。
2022-02-16 16:56:09:654 --INFO -- AirParticleDetector:端口“COM1”不存在。
2022-02-16 16:56:10:170 --INFO -- AirParticleDetector:端口“COM1”不存在。
2022-02-16 16:56:10:681 --INFO -- AirParticleDetector:端口“COM1”不存在。
2022-02-16 16:56:11:199 --INFO -- AirParticleDetector:端口“COM1”不存在。
2022-02-16 16:56:11:714 --INFO -- AirParticleDetector:端口“COM1”不存在。
2022-02-16 16:56:12:221 --INFO -- AirParticleDetector:端口“COM1”不存在。
2022-02-16 16:56:12:736 --INFO -- AirParticleDetector:端口“COM1”不存在。
2022-02-16 16:56:13:250 --INFO -- AirParticleDetector:端口“COM1”不存在。
2022-02-16 16:56:13:760 --INFO -- AirParticleDetector:端口“COM1”不存在。
2022-02-16 16:56:14:268 --INFO -- AirParticleDetector:端口“COM1”不存在。
2022-02-16 16:56:14:777 --INFO -- AirParticleDetector:端口“COM1”不存在。
2022-02-16 16:56:15:285 --INFO -- AirParticleDetector:端口“COM1”不存在。
2022-02-16 16:56:15:795 --INFO -- AirParticleDetector:端口“COM1”不存在。
2022-02-16 16:56:16:301 --INFO -- AirParticleDetector:端口“COM1”不存在。
2022-02-16 16:56:16:808 --INFO -- AirParticleDetector:端口“COM1”不存在。
2022-02-16 16:56:17:326 --INFO -- AirParticleDetector:端口“COM1”不存在。
2022-02-16 16:56:17:837 --INFO -- AirParticleDetector:端口“COM1”不存在。
2022-02-16 16:56:18:353 --INFO -- AirParticleDetector:端口“COM1”不存在。
2022-02-16 16:56:18:869 --INFO -- AirParticleDetector:端口“COM1”不存在。
2022-02-16 16:56:19:383 --INFO -- AirParticleDetector:端口“COM1”不存在。
2022-02-16 16:56:19:899 --INFO -- AirParticleDetector:端口“COM1”不存在。
2022-02-16 16:56:20:415 --INFO -- AirParticleDetector:端口“COM1”不存在。
2022-02-16 16:56:20:924 --INFO -- AirParticleDetector:端口“COM1”不存在。
2022-02-16 16:56:21:433 --INFO -- AirParticleDetector:端口“COM1”不存在。
2022-02-16 16:56:21:950 --INFO -- AirParticleDetector:端口“COM1”不存在。
2022-02-16 16:56:22:465 --INFO -- AirParticleDetector:端口“COM1”不存在。
2022-02-16 16:56:22:980 --INFO -- AirParticleDetector:端口“COM1”不存在。
2022-02-16 16:56:23:492 --INFO -- AirParticleDetector:端口“COM1”不存在。
2022-02-16 16:56:24:004 --INFO -- AirParticleDetector:端口“COM1”不存在。
2022-02-16 16:56:24:523 --INFO -- AirParticleDetector:端口“COM1”不存在。
2022-02-16 16:56:25:038 --INFO -- AirParticleDetector:端口“COM1”不存在。
2022-02-16 16:56:25:546 --INFO -- AirParticleDetector:端口“COM1”不存在。
2022-02-16 16:56:26:061 --INFO -- AirParticleDetector:端口“COM1”不存在。
2022-02-16 16:56:26:570 --INFO -- AirParticleDetector:端口“COM1”不存在。
2022-02-16 16:56:27:088 --INFO -- AirParticleDetector:端口“COM1”不存在。
2022-02-16 16:56:27:605 --INFO -- AirParticleDetector:端口“COM1”不存在。
2022-02-16 16:56:28:128 --INFO -- AirParticleDetector:端口“COM1”不存在。
2022-02-16 16:56:28:642 --INFO -- AirParticleDetector:端口“COM1”不存在。
2022-02-16 16:56:29:150 --INFO -- AirParticleDetector:端口“COM1”不存在。
2022-02-16 16:56:29:659 --INFO -- AirParticleDetector:端口“COM1”不存在。
2022-02-16 16:56:30:179 --INFO -- AirParticleDetector:端口“COM1”不存在。
2022-02-16 16:56:30:690 --INFO -- AirParticleDetector:端口“COM1”不存在。
2022-02-16 16:56:31:199 --INFO -- AirParticleDetector:端口“COM1”不存在。
2022-02-16 16:56:31:707 --INFO -- AirParticleDetector:端口“COM1”不存在。
2022-02-16 16:56:32:215 --INFO -- AirParticleDetector:端口“COM1”不存在。
2022-02-16 16:56:32:724 --INFO -- AirParticleDetector:端口“COM1”不存在。
2022-02-16 16:56:33:231 --INFO -- AirParticleDetector:端口“COM1”不存在。
2022-02-16 16:56:33:739 --INFO -- AirParticleDetector:端口“COM1”不存在。
2022-02-16 16:56:34:246 --INFO -- AirParticleDetector:端口“COM1”不存在。
2022-02-16 16:56:34:764 --INFO -- AirParticleDetector:端口“COM1”不存在。
2022-02-16 16:56:35:271 --INFO -- AirParticleDetector:端口“COM1”不存在。
2022-02-16 16:56:35:779 --INFO -- AirParticleDetector:端口“COM1”不存在。

----------------------application startup--------------------------
2022-02-16 16:58:31:185 --INFO -- AirParticleDetector:端口“COM1”不存在。
2022-02-16 16:58:31:702 --INFO -- AirParticleDetector:端口“COM1”不存在。
2022-02-16 16:58:32:213 --INFO -- AirParticleDetector:端口“COM1”不存在。
2022-02-16 16:58:32:722 --INFO -- AirParticleDetector:端口“COM1”不存在。
2022-02-16 16:58:33:228 --INFO -- AirParticleDetector:端口“COM1”不存在。
2022-02-16 16:58:33:738 --INFO -- AirParticleDetector:端口“COM1”不存在。
2022-02-16 16:58:34:245 --INFO -- AirParticleDetector:端口“COM1”不存在。
2022-02-16 16:58:34:753 --INFO -- AirParticleDetector:端口“COM1”不存在。
2022-02-16 16:58:35:262 --INFO -- AirParticleDetector:端口“COM1”不存在。
2022-02-16 16:58:35:769 --INFO -- AirParticleDetector:端口“COM1”不存在。
2022-02-16 16:58:36:277 --INFO -- AirParticleDetector:端口“COM1”不存在。
2022-02-16 16:58:36:786 --INFO -- AirParticleDetector:端口“COM1”不存在。
2022-02-16 16:58:37:293 --INFO -- AirParticleDetector:端口“COM1”不存在。

 ----------------------application shutdown--------------------------

----------------------application startup--------------------------
2022-02-16 16:58:49:164 --INFO -- AirParticleDetector:端口“COM1”不存在。
2022-02-16 16:58:49:688 --INFO -- AirParticleDetector:端口“COM1”不存在。
2022-02-16 16:58:50:196 --INFO -- AirParticleDetector:端口“COM1”不存在。
2022-02-16 16:58:50:714 --INFO -- AirParticleDetector:端口“COM1”不存在。
2022-02-16 16:58:51:221 --INFO -- AirParticleDetector:端口“COM1”不存在。
2022-02-16 16:58:51:729 --INFO -- AirParticleDetector:端口“COM1”不存在。
2022-02-16 16:58:52:234 --INFO -- AirParticleDetector:端口“COM1”不存在。
2022-02-16 16:58:52:742 --INFO -- AirParticleDetector:端口“COM1”不存在。
2022-02-16 16:58:53:251 --INFO -- AirParticleDetector:端口“COM1”不存在。
2022-02-16 16:58:56:638 --INFO -- AirParticleDetector:端口“COM1”不存在。
2022-02-16 16:58:57:145 --INFO -- AirParticleDetector:端口“COM1”不存在。
2022-02-16 16:59:06:539 --INFO -- AirParticleDetector:端口“COM1”不存在。
2022-02-16 16:59:08:049 --INFO -- AirParticleDetector:端口“COM1”不存在。
2022-02-16 16:59:10:067 --INFO -- AirParticleDetector:端口“COM1”不存在。
2022-02-16 16:59:10:578 --INFO -- AirParticleDetector:端口“COM1”不存在。
2022-02-16 16:59:11:084 --INFO -- AirParticleDetector:端口“COM1”不存在。
2022-02-16 16:59:11:591 --INFO -- AirParticleDetector:端口“COM1”不存在。
2022-02-16 16:59:12:099 --INFO -- AirParticleDetector:端口“COM1”不存在。
2022-02-16 16:59:12:605 --INFO -- AirParticleDetector:端口“COM1”不存在。

----------------------application startup--------------------------
2022-02-16 16:59:35:197 --INFO -- AirParticleDetector:端口“COM1”不存在。
2022-02-16 16:59:35:727 --INFO -- AirParticleDetector:端口“COM1”不存在。
2022-02-16 16:59:36:245 --INFO -- AirParticleDetector:端口“COM1”不存在。
2022-02-16 16:59:38:031 --INFO -- AirParticleDetector:端口“COM1”不存在。
2022-02-16 16:59:38:538 --INFO -- AirParticleDetector:端口“COM1”不存在。
2022-02-16 16:59:48:497 --INFO -- AirParticleDetector:端口“COM1”不存在。
2022-02-16 16:59:51:076 --INFO -- AirParticleDetector:端口“COM1”不存在。

----------------------application startup--------------------------
2022-02-16 17:00:52:909 --INFO -- AirParticleDetector:端口“COM1”不存在。
2022-02-16 17:00:53:442 --INFO -- AirParticleDetector:端口“COM1”不存在。
2022-02-16 17:00:54:051 --INFO -- AirParticleDetector:端口“COM1”不存在。
2022-02-16 17:00:54:564 --INFO -- AirParticleDetector:端口“COM1”不存在。
2022-02-16 17:00:55:075 --INFO -- AirParticleDetector:端口“COM1”不存在。
2022-02-16 17:00:55:583 --INFO -- AirParticleDetector:端口“COM1”不存在。
2022-02-16 17:00:56:090 --INFO -- AirParticleDetector:端口“COM1”不存在。
2022-02-16 17:00:56:596 --INFO -- AirParticleDetector:端口“COM1”不存在。
2022-02-16 17:00:57:110 --INFO -- AirParticleDetector:端口“COM1”不存在。
2022-02-16 17:00:57:622 --INFO -- AirParticleDetector:端口“COM1”不存在。
2022-02-16 17:00:58:129 --INFO -- AirParticleDetector:端口“COM1”不存在。
2022-02-16 17:00:58:643 --INFO -- AirParticleDetector:端口“COM1”不存在。
2022-02-16 17:00:59:154 --INFO -- AirParticleDetector:端口“COM1”不存在。
2022-02-16 17:00:59:668 --INFO -- AirParticleDetector:端口“COM1”不存在。
2022-02-16 17:01:00:180 --INFO -- AirParticleDetector:端口“COM1”不存在。
2022-02-16 17:01:00:697 --INFO -- AirParticleDetector:端口“COM1”不存在。
2022-02-16 17:01:01:211 --INFO -- AirParticleDetector:端口“COM1”不存在。
2022-02-16 17:01:01:718 --INFO -- AirParticleDetector:端口“COM1”不存在。
2022-02-16 17:01:02:228 --INFO -- AirParticleDetector:端口“COM1”不存在。
2022-02-16 17:01:02:734 --INFO -- AirParticleDetector:端口“COM1”不存在。
2022-02-16 17:01:03:244 --INFO -- AirParticleDetector:端口“COM1”不存在。
2022-02-16 17:01:03:758 --INFO -- AirParticleDetector:端口“COM1”不存在。
2022-02-16 17:01:04:275 --INFO -- AirParticleDetector:端口“COM1”不存在。
2022-02-16 17:01:04:786 --INFO -- AirParticleDetector:端口“COM1”不存在。
2022-02-16 17:01:05:300 --INFO -- AirParticleDetector:端口“COM1”不存在。
2022-02-16 17:01:05:809 --INFO -- AirParticleDetector:端口“COM1”不存在。
2022-02-16 17:01:06:321 --INFO -- AirParticleDetector:端口“COM1”不存在。
2022-02-16 17:01:06:837 --INFO -- AirParticleDetector:端口“COM1”不存在。
2022-02-16 17:01:07:352 --INFO -- AirParticleDetector:端口“COM1”不存在。
2022-02-16 17:01:07:866 --INFO -- AirParticleDetector:端口“COM1”不存在。
2022-02-16 17:01:08:374 --INFO -- AirParticleDetector:端口“COM1”不存在。
2022-02-16 17:01:08:889 --INFO -- AirParticleDetector:端口“COM1”不存在。
2022-02-16 17:01:09:400 --INFO -- AirParticleDetector:端口“COM1”不存在。
2022-02-16 17:01:09:909 --INFO -- AirParticleDetector:端口“COM1”不存在。
2022-02-16 17:01:10:426 --INFO -- AirParticleDetector:端口“COM1”不存在。
2022-02-16 17:01:10:938 --INFO -- AirParticleDetector:端口“COM1”不存在。
2022-02-16 17:01:11:444 --INFO -- AirParticleDetector:端口“COM1”不存在。
2022-02-16 17:01:11:959 --INFO -- AirParticleDetector:端口“COM1”不存在。
2022-02-16 17:01:12:475 --INFO -- AirParticleDetector:端口“COM1”不存在。
2022-02-16 17:01:12:991 --INFO -- AirParticleDetector:端口“COM1”不存在。
2022-02-16 17:01:13:507 --INFO -- AirParticleDetector:端口“COM1”不存在。
2022-02-16 17:01:14:016 --INFO -- AirParticleDetector:端口“COM1”不存在。
2022-02-16 17:01:14:533 --INFO -- AirParticleDetector:端口“COM1”不存在。
2022-02-16 17:01:15:040 --INFO -- AirParticleDetector:端口“COM1”不存在。
2022-02-16 17:01:15:548 --INFO -- AirParticleDetector:端口“COM1”不存在。
2022-02-16 17:01:16:056 --INFO -- AirParticleDetector:端口“COM1”不存在。
2022-02-16 17:01:16:562 --INFO -- AirParticleDetector:端口“COM1”不存在。
2022-02-16 17:01:17:070 --INFO -- AirParticleDetector:端口“COM1”不存在。
2022-02-16 17:01:17:576 --INFO -- AirParticleDetector:端口“COM1”不存在。
2022-02-16 17:01:18:084 --INFO -- AirParticleDetector:端口“COM1”不存在。
2022-02-16 17:01:18:591 --INFO -- AirParticleDetector:端口“COM1”不存在。
2022-02-16 17:01:19:099 --INFO -- AirParticleDetector:端口“COM1”不存在。
2022-02-16 17:01:19:606 --INFO -- AirParticleDetector:端口“COM1”不存在。
2022-02-16 17:01:20:113 --INFO -- AirParticleDetector:端口“COM1”不存在。
2022-02-16 17:01:20:620 --INFO -- AirParticleDetector:端口“COM1”不存在。
2022-02-16 17:01:21:126 --INFO -- AirParticleDetector:端口“COM1”不存在。
2022-02-16 17:01:21:634 --INFO -- AirParticleDetector:端口“COM1”不存在。
2022-02-16 17:01:22:142 --INFO -- AirParticleDetector:端口“COM1”不存在。
2022-02-16 17:01:22:650 --INFO -- AirParticleDetector:端口“COM1”不存在。
2022-02-16 17:01:23:156 --INFO -- AirParticleDetector:端口“COM1”不存在。
2022-02-16 17:01:23:665 --INFO -- AirParticleDetector:端口“COM1”不存在。
2022-02-16 17:01:24:172 --INFO -- AirParticleDetector:端口“COM1”不存在。
2022-02-16 17:01:24:680 --INFO -- AirParticleDetector:端口“COM1”不存在。
2022-02-16 17:01:25:187 --INFO -- AirParticleDetector:端口“COM1”不存在。
2022-02-16 17:01:25:693 --INFO -- AirParticleDetector:端口“COM1”不存在。
2022-02-16 17:01:26:201 --INFO -- AirParticleDetector:端口“COM1”不存在。
2022-02-16 17:01:26:709 --INFO -- AirParticleDetector:端口“COM1”不存在。
2022-02-16 17:01:27:226 --INFO -- AirParticleDetector:端口“COM1”不存在。
2022-02-16 17:01:27:740 --INFO -- AirParticleDetector:端口“COM1”不存在。
2022-02-16 17:01:28:255 --INFO -- AirParticleDetector:端口“COM1”不存在。
2022-02-16 17:01:28:760 --INFO -- AirParticleDetector:端口“COM1”不存在。
2022-02-16 17:01:29:353 --INFO -- AirParticleDetector:端口“COM1”不存在。
2022-02-16 17:01:29:866 --INFO -- AirParticleDetector:端口“COM1”不存在。
2022-02-16 17:01:30:375 --INFO -- AirParticleDetector:端口“COM1”不存在。
2022-02-16 17:01:30:882 --INFO -- AirParticleDetector:端口“COM1”不存在。
2022-02-16 17:01:31:394 --INFO -- AirParticleDetector:端口“COM1”不存在。
2022-02-16 17:01:31:911 --INFO -- AirParticleDetector:端口“COM1”不存在。
2022-02-16 17:01:32:418 --INFO -- AirParticleDetector:端口“COM1”不存在。
2022-02-16 17:01:32:925 --INFO -- AirParticleDetector:端口“COM1”不存在。
2022-02-16 17:01:33:442 --INFO -- AirParticleDetector:端口“COM1”不存在。
2022-02-16 17:01:33:953 --INFO -- AirParticleDetector:端口“COM1”不存在。
2022-02-16 17:01:34:459 --INFO -- AirParticleDetector:端口“COM1”不存在。
2022-02-16 17:01:34:995 --INFO -- AirParticleDetector:端口“COM1”不存在。
2022-02-16 17:01:35:509 --INFO -- AirParticleDetector:端口“COM1”不存在。
2022-02-16 17:01:36:027 --INFO -- AirParticleDetector:端口“COM1”不存在。
2022-02-16 17:01:36:533 --INFO -- AirParticleDetector:端口“COM1”不存在。
2022-02-16 17:01:37:041 --INFO -- AirParticleDetector:端口“COM1”不存在。
2022-02-16 17:01:37:555 --INFO -- AirParticleDetector:端口“COM1”不存在。
2022-02-16 17:01:38:070 --INFO -- AirParticleDetector:端口“COM1”不存在。
2022-02-16 17:01:38:587 --INFO -- AirParticleDetector:端口“COM1”不存在。
2022-02-16 17:01:39:099 --INFO -- AirParticleDetector:端口“COM1”不存在。
2022-02-16 17:01:39:612 --INFO -- AirParticleDetector:端口“COM1”不存在。
2022-02-16 17:01:40:127 --INFO -- AirParticleDetector:端口“COM1”不存在。
2022-02-16 17:01:40:644 --INFO -- AirParticleDetector:端口“COM1”不存在。
2022-02-16 17:01:41:160 --INFO -- AirParticleDetector:端口“COM1”不存在。
2022-02-16 17:01:41:667 --INFO -- AirParticleDetector:端口“COM1”不存在。
2022-02-16 17:01:42:173 --INFO -- AirParticleDetector:端口“COM1”不存在。
2022-02-16 17:01:42:681 --INFO -- AirParticleDetector:端口“COM1”不存在。
2022-02-16 17:01:43:190 --INFO -- AirParticleDetector:端口“COM1”不存在。
2022-02-16 17:01:43:696 --INFO -- AirParticleDetector:端口“COM1”不存在。
2022-02-16 17:01:44:215 --INFO -- AirParticleDetector:端口“COM1”不存在。
2022-02-16 17:01:44:725 --INFO -- AirParticleDetector:端口“COM1”不存在。
2022-02-16 17:01:45:232 --INFO -- AirParticleDetector:端口“COM1”不存在。
2022-02-16 17:01:45:737 --INFO -- AirParticleDetector:端口“COM1”不存在。
2022-02-16 17:01:46:252 --INFO -- AirParticleDetector:端口“COM1”不存在。
2022-02-16 17:01:46:765 --INFO -- AirParticleDetector:端口“COM1”不存在。
2022-02-16 17:01:47:278 --INFO -- AirParticleDetector:端口“COM1”不存在。
2022-02-16 17:01:47:792 --INFO -- AirParticleDetector:端口“COM1”不存在。
2022-02-16 17:01:48:310 --INFO -- AirParticleDetector:端口“COM1”不存在。
2022-02-16 17:01:48:824 --INFO -- AirParticleDetector:端口“COM1”不存在。
2022-02-16 17:01:49:339 --INFO -- AirParticleDetector:端口“COM1”不存在。
2022-02-16 17:01:49:853 --INFO -- AirParticleDetector:端口“COM1”不存在。
2022-02-16 17:01:50:366 --INFO -- AirParticleDetector:端口“COM1”不存在。
2022-02-16 17:01:50:881 --INFO -- AirParticleDetector:端口“COM1”不存在。
2022-02-16 17:01:51:394 --INFO -- AirParticleDetector:端口“COM1”不存在。
2022-02-16 17:01:51:900 --INFO -- AirParticleDetector:端口“COM1”不存在。
2022-02-16 17:01:52:415 --INFO -- AirParticleDetector:端口“COM1”不存在。
2022-02-16 17:01:52:932 --INFO -- AirParticleDetector:端口“COM1”不存在。
2022-02-16 17:01:53:439 --INFO -- AirParticleDetector:端口“COM1”不存在。
2022-02-16 17:01:53:956 --INFO -- AirParticleDetector:端口“COM1”不存在。
2022-02-16 17:01:54:464 --INFO -- AirParticleDetector:端口“COM1”不存在。
2022-02-16 17:01:54:970 --INFO -- AirParticleDetector:端口“COM1”不存在。
2022-02-16 17:01:55:489 --INFO -- AirParticleDetector:端口“COM1”不存在。
2022-02-16 17:01:55:997 --INFO -- AirParticleDetector:端口“COM1”不存在。
2022-02-16 17:01:56:504 --INFO -- AirParticleDetector:端口“COM1”不存在。
2022-02-16 17:01:57:012 --INFO -- AirParticleDetector:端口“COM1”不存在。
2022-02-16 17:01:57:529 --INFO -- AirParticleDetector:端口“COM1”不存在。
2022-02-16 17:01:58:042 --INFO -- AirParticleDetector:端口“COM1”不存在。
2022-02-16 17:01:58:557 --INFO -- AirParticleDetector:端口“COM1”不存在。
2022-02-16 17:01:59:074 --INFO -- AirParticleDetector:端口“COM1”不存在。
2022-02-16 17:01:59:581 --INFO -- AirParticleDetector:端口“COM1”不存在。
2022-02-16 17:02:00:094 --INFO -- AirParticleDetector:端口“COM1”不存在。
2022-02-16 17:02:00:602 --INFO -- AirParticleDetector:端口“COM1”不存在。
2022-02-16 17:02:01:110 --INFO -- AirParticleDetector:端口“COM1”不存在。
2022-02-16 17:02:01:617 --INFO -- AirParticleDetector:端口“COM1”不存在。
2022-02-16 17:02:02:132 --INFO -- AirParticleDetector:端口“COM1”不存在。
2022-02-16 17:02:02:640 --INFO -- AirParticleDetector:端口“COM1”不存在。
2022-02-16 17:02:03:147 --INFO -- AirParticleDetector:端口“COM1”不存在。
2022-02-16 17:02:03:661 --INFO -- AirParticleDetector:端口“COM1”不存在。
2022-02-16 17:02:04:173 --INFO -- AirParticleDetector:端口“COM1”不存在。
2022-02-16 17:02:04:692 --INFO -- AirParticleDetector:端口“COM1”不存在。
2022-02-16 17:02:05:200 --INFO -- AirParticleDetector:端口“COM1”不存在。
2022-02-16 17:02:05:706 --INFO -- AirParticleDetector:端口“COM1”不存在。
2022-02-16 17:02:06:223 --INFO -- AirParticleDetector:端口“COM1”不存在。
2022-02-16 17:02:06:735 --INFO -- AirParticleDetector:端口“COM1”不存在。
2022-02-16 17:02:07:249 --INFO -- AirParticleDetector:端口“COM1”不存在。
2022-02-16 17:02:07:762 --INFO -- AirParticleDetector:端口“COM1”不存在。
2022-02-16 17:02:08:268 --INFO -- AirParticleDetector:端口“COM1”不存在。
2022-02-16 17:02:08:783 --INFO -- AirParticleDetector:端口“COM1”不存在。
2022-02-16 17:02:09:297 --INFO -- AirParticleDetector:端口“COM1”不存在。
2022-02-16 17:02:09:805 --INFO -- AirParticleDetector:端口“COM1”不存在。
2022-02-16 17:02:10:316 --INFO -- AirParticleDetector:端口“COM1”不存在。
2022-02-16 17:02:10:827 --INFO -- AirParticleDetector:端口“COM1”不存在。
2022-02-16 17:02:11:339 --INFO -- AirParticleDetector:端口“COM1”不存在。
2022-02-16 17:02:11:854 --INFO -- AirParticleDetector:端口“COM1”不存在。
2022-02-16 17:02:12:360 --INFO -- AirParticleDetector:端口“COM1”不存在。
2022-02-16 17:02:12:867 --INFO -- AirParticleDetector:端口“COM1”不存在。
2022-02-16 17:02:13:376 --INFO -- AirParticleDetector:端口“COM1”不存在。
2022-02-16 17:02:13:884 --INFO -- AirParticleDetector:端口“COM1”不存在。
2022-02-16 17:02:14:393 --INFO -- AirParticleDetector:端口“COM1”不存在。
2022-02-16 17:02:14:901 --INFO -- AirParticleDetector:端口“COM1”不存在。
