
----------------------application startup--------------------------
2022-01-21 13:05:44:104 --ERROR-- 未能加载文件或程序集“System.ValueTuple, Version=4.0.3.0, Culture=neutral, PublicKeyToken=cc7b13ffcd2ddd51”或它的某一个依赖项。系统找不到指定的文件。

----------------------application startup--------------------------
2022-01-21 13:06:53:686 --ERROR-- 未能加载文件或程序集“System.ValueTuple, Version=4.0.3.0, Culture=neutral, PublicKeyToken=cc7b13ffcd2ddd51”或它的某一个依赖项。系统找不到指定的文件。

----------------------application startup--------------------------
2022-01-21 13:08:42:481 --ERROR-- 未能加载文件或程序集“System.ValueTuple, Version=4.0.3.0, Culture=neutral, PublicKeyToken=cc7b13ffcd2ddd51”或它的某一个依赖项。系统找不到指定的文件。

----------------------application startup--------------------------
2022-01-21 13:09:11:023 --INFO -- AirParticleDetector:端口“COM1”不存在。
2022-01-21 13:09:11:545 --INFO -- AirParticleDetector:端口“COM1”不存在。
2022-01-21 13:09:12:060 --INFO -- AirParticleDetector:端口“COM1”不存在。
2022-01-21 13:09:12:572 --INFO -- AirParticleDetector:端口“COM1”不存在。
2022-01-21 13:09:13:079 --INFO -- AirParticleDetector:端口“COM1”不存在。
2022-01-21 13:09:13:585 --INFO -- AirParticleDetector:端口“COM1”不存在。
2022-01-21 13:09:13:948 --INFO -- 由于目标计算机积极拒绝，无法连接。 127.0.0.1:6000
2022-01-21 13:09:14:092 --INFO -- AirParticleDetector:端口“COM1”不存在。
2022-01-21 13:09:14:598 --INFO -- AirParticleDetector:端口“COM1”不存在。
2022-01-21 13:09:15:105 --INFO -- AirParticleDetector:端口“COM1”不存在。
2022-01-21 13:09:15:611 --INFO -- AirParticleDetector:端口“COM1”不存在。
2022-01-21 13:09:16:119 --INFO -- AirParticleDetector:端口“COM1”不存在。
2022-01-21 13:09:16:624 --INFO -- AirParticleDetector:端口“COM1”不存在。
2022-01-21 13:09:17:135 --INFO -- AirParticleDetector:端口“COM1”不存在。
2022-01-21 13:09:17:643 --INFO -- AirParticleDetector:端口“COM1”不存在。
2022-01-21 13:09:18:149 --INFO -- AirParticleDetector:端口“COM1”不存在。
2022-01-21 13:09:18:657 --INFO -- AirParticleDetector:端口“COM1”不存在。
2022-01-21 13:09:19:164 --INFO -- AirParticleDetector:端口“COM1”不存在。
2022-01-21 13:09:19:670 --INFO -- AirParticleDetector:端口“COM1”不存在。
2022-01-21 13:09:20:032 --INFO -- 由于目标计算机积极拒绝，无法连接。 127.0.0.1:6000
2022-01-21 13:09:20:176 --INFO -- AirParticleDetector:端口“COM1”不存在。
2022-01-21 13:09:20:683 --INFO -- AirParticleDetector:端口“COM1”不存在。
2022-01-21 13:09:21:189 --INFO -- AirParticleDetector:端口“COM1”不存在。
2022-01-21 13:09:21:696 --INFO -- AirParticleDetector:端口“COM1”不存在。
2022-01-21 13:09:22:204 --INFO -- AirParticleDetector:端口“COM1”不存在。
2022-01-21 13:09:22:711 --INFO -- AirParticleDetector:端口“COM1”不存在。
2022-01-21 13:09:23:218 --INFO -- AirParticleDetector:端口“COM1”不存在。
2022-01-21 13:09:23:725 --INFO -- AirParticleDetector:端口“COM1”不存在。
2022-01-21 13:09:24:232 --INFO -- AirParticleDetector:端口“COM1”不存在。
2022-01-21 13:09:24:738 --INFO -- AirParticleDetector:端口“COM1”不存在。
2022-01-21 13:09:25:245 --INFO -- AirParticleDetector:端口“COM1”不存在。
2022-01-21 13:09:25:752 --INFO -- AirParticleDetector:端口“COM1”不存在。
2022-01-21 13:09:26:144 --INFO -- 由于目标计算机积极拒绝，无法连接。 127.0.0.1:6000
2022-01-21 13:09:26:258 --INFO -- AirParticleDetector:端口“COM1”不存在。
2022-01-21 13:09:26:765 --INFO -- AirParticleDetector:端口“COM1”不存在。
2022-01-21 13:09:27:271 --INFO -- AirParticleDetector:端口“COM1”不存在。
2022-01-21 13:09:27:779 --INFO -- AirParticleDetector:端口“COM1”不存在。
2022-01-21 13:09:28:286 --INFO -- AirParticleDetector:端口“COM1”不存在。
2022-01-21 13:09:28:793 --INFO -- AirParticleDetector:端口“COM1”不存在。
2022-01-21 13:09:29:299 --INFO -- AirParticleDetector:端口“COM1”不存在。
2022-01-21 13:09:29:805 --INFO -- AirParticleDetector:端口“COM1”不存在。
2022-01-21 13:09:30:313 --INFO -- AirParticleDetector:端口“COM1”不存在。
2022-01-21 13:09:30:821 --INFO -- AirParticleDetector:端口“COM1”不存在。
2022-01-21 13:09:31:328 --INFO -- AirParticleDetector:端口“COM1”不存在。
2022-01-21 13:09:31:835 --INFO -- AirParticleDetector:端口“COM1”不存在。
2022-01-21 13:09:32:221 --INFO -- 由于目标计算机积极拒绝，无法连接。 127.0.0.1:6000
2022-01-21 13:09:32:342 --INFO -- AirParticleDetector:端口“COM1”不存在。
2022-01-21 13:09:32:849 --INFO -- AirParticleDetector:端口“COM1”不存在。
2022-01-21 13:09:33:356 --INFO -- AirParticleDetector:端口“COM1”不存在。
2022-01-21 13:09:33:861 --INFO -- AirParticleDetector:端口“COM1”不存在。
2022-01-21 13:09:34:369 --INFO -- AirParticleDetector:端口“COM1”不存在。
2022-01-21 13:09:34:874 --INFO -- AirParticleDetector:端口“COM1”不存在。
2022-01-21 13:09:35:382 --INFO -- AirParticleDetector:端口“COM1”不存在。
2022-01-21 13:09:35:888 --INFO -- AirParticleDetector:端口“COM1”不存在。
2022-01-21 13:09:36:395 --INFO -- AirParticleDetector:端口“COM1”不存在。
2022-01-21 13:09:36:901 --INFO -- AirParticleDetector:端口“COM1”不存在。
2022-01-21 13:09:37:408 --INFO -- AirParticleDetector:端口“COM1”不存在。
2022-01-21 13:09:37:914 --INFO -- AirParticleDetector:端口“COM1”不存在。
2022-01-21 13:09:38:342 --INFO -- 由于目标计算机积极拒绝，无法连接。 127.0.0.1:6000
2022-01-21 13:09:38:421 --INFO -- AirParticleDetector:端口“COM1”不存在。
2022-01-21 13:09:38:928 --INFO -- AirParticleDetector:端口“COM1”不存在。
2022-01-21 13:09:39:435 --INFO -- AirParticleDetector:端口“COM1”不存在。
2022-01-21 13:09:39:941 --INFO -- AirParticleDetector:端口“COM1”不存在。
2022-01-21 13:09:40:448 --INFO -- AirParticleDetector:端口“COM1”不存在。
2022-01-21 13:09:40:955 --INFO -- AirParticleDetector:端口“COM1”不存在。
2022-01-21 13:09:41:463 --INFO -- AirParticleDetector:端口“COM1”不存在。
2022-01-21 13:09:41:970 --INFO -- AirParticleDetector:端口“COM1”不存在。
2022-01-21 13:09:42:478 --INFO -- AirParticleDetector:端口“COM1”不存在。
2022-01-21 13:09:42:984 --INFO -- AirParticleDetector:端口“COM1”不存在。
2022-01-21 13:09:43:492 --INFO -- AirParticleDetector:端口“COM1”不存在。
2022-01-21 13:09:43:999 --INFO -- AirParticleDetector:端口“COM1”不存在。
2022-01-21 13:09:44:505 --INFO -- AirParticleDetector:端口“COM1”不存在。
2022-01-21 13:09:45:013 --INFO -- AirParticleDetector:端口“COM1”不存在。
2022-01-21 13:09:45:519 --INFO -- AirParticleDetector:端口“COM1”不存在。
2022-01-21 13:09:46:025 --INFO -- AirParticleDetector:端口“COM1”不存在。
2022-01-21 13:09:46:532 --INFO -- AirParticleDetector:端口“COM1”不存在。
2022-01-21 13:09:47:037 --INFO -- AirParticleDetector:端口“COM1”不存在。
2022-01-21 13:09:47:544 --INFO -- AirParticleDetector:端口“COM1”不存在。
2022-01-21 13:09:48:050 --INFO -- AirParticleDetector:端口“COM1”不存在。
2022-01-21 13:09:48:559 --INFO -- AirParticleDetector:端口“COM1”不存在。
2022-01-21 13:09:49:066 --INFO -- AirParticleDetector:端口“COM1”不存在。
2022-01-21 13:09:49:573 --INFO -- AirParticleDetector:端口“COM1”不存在。
2022-01-21 13:09:50:081 --INFO -- AirParticleDetector:端口“COM1”不存在。
2022-01-21 13:09:50:590 --INFO -- AirParticleDetector:端口“COM1”不存在。
2022-01-21 13:09:51:095 --INFO -- AirParticleDetector:端口“COM1”不存在。
2022-01-21 13:09:51:601 --INFO -- AirParticleDetector:端口“COM1”不存在。
2022-01-21 13:09:52:109 --INFO -- AirParticleDetector:端口“COM1”不存在。
2022-01-21 13:09:52:617 --INFO -- AirParticleDetector:端口“COM1”不存在。
2022-01-21 13:09:53:123 --INFO -- AirParticleDetector:端口“COM1”不存在。
2022-01-21 13:09:53:630 --INFO -- AirParticleDetector:端口“COM1”不存在。
2022-01-21 13:09:54:140 --INFO -- AirParticleDetector:端口“COM1”不存在。
2022-01-21 13:09:54:647 --INFO -- AirParticleDetector:端口“COM1”不存在。
2022-01-21 13:09:55:154 --INFO -- AirParticleDetector:端口“COM1”不存在。
2022-01-21 13:09:55:661 --INFO -- AirParticleDetector:端口“COM1”不存在。
2022-01-21 13:09:56:168 --INFO -- AirParticleDetector:端口“COM1”不存在。
2022-01-21 13:09:56:675 --INFO -- AirParticleDetector:端口“COM1”不存在。
2022-01-21 13:09:57:182 --INFO -- AirParticleDetector:端口“COM1”不存在。
2022-01-21 13:09:57:690 --INFO -- AirParticleDetector:端口“COM1”不存在。
2022-01-21 13:09:58:197 --INFO -- AirParticleDetector:端口“COM1”不存在。
2022-01-21 13:09:58:704 --INFO -- AirParticleDetector:端口“COM1”不存在。
2022-01-21 13:09:59:214 --INFO -- AirParticleDetector:端口“COM1”不存在。
2022-01-21 13:09:59:721 --INFO -- AirParticleDetector:端口“COM1”不存在。
2022-01-21 13:10:00:227 --INFO -- AirParticleDetector:端口“COM1”不存在。
2022-01-21 13:10:00:735 --INFO -- AirParticleDetector:端口“COM1”不存在。
2022-01-21 13:10:01:242 --INFO -- AirParticleDetector:端口“COM1”不存在。
2022-01-21 13:10:01:749 --INFO -- AirParticleDetector:端口“COM1”不存在。
2022-01-21 13:10:02:257 --INFO -- AirParticleDetector:端口“COM1”不存在。
2022-01-21 13:10:02:763 --INFO -- AirParticleDetector:端口“COM1”不存在。
2022-01-21 13:10:03:268 --INFO -- AirParticleDetector:端口“COM1”不存在。
2022-01-21 13:10:03:775 --INFO -- AirParticleDetector:端口“COM1”不存在。
2022-01-21 13:10:04:279 --INFO -- AirParticleDetector:端口“COM1”不存在。
2022-01-21 13:10:04:786 --INFO -- AirParticleDetector:端口“COM1”不存在。
2022-01-21 13:10:05:294 --INFO -- AirParticleDetector:端口“COM1”不存在。
2022-01-21 13:10:05:800 --INFO -- AirParticleDetector:端口“COM1”不存在。
2022-01-21 13:10:06:308 --INFO -- AirParticleDetector:端口“COM1”不存在。
2022-01-21 13:10:06:815 --INFO -- AirParticleDetector:端口“COM1”不存在。
2022-01-21 13:10:07:324 --INFO -- AirParticleDetector:端口“COM1”不存在。
2022-01-21 13:10:07:831 --INFO -- AirParticleDetector:端口“COM1”不存在。
2022-01-21 13:10:08:338 --INFO -- AirParticleDetector:端口“COM1”不存在。
2022-01-21 13:10:08:846 --INFO -- AirParticleDetector:端口“COM1”不存在。
2022-01-21 13:10:09:353 --INFO -- AirParticleDetector:端口“COM1”不存在。
2022-01-21 13:10:09:859 --INFO -- AirParticleDetector:端口“COM1”不存在。
2022-01-21 13:10:10:365 --INFO -- AirParticleDetector:端口“COM1”不存在。
2022-01-21 13:10:10:975 --INFO -- AirParticleDetector:端口“COM1”不存在。
2022-01-21 13:10:11:480 --INFO -- AirParticleDetector:端口“COM1”不存在。
2022-01-21 13:10:11:987 --INFO -- AirParticleDetector:端口“COM1”不存在。
2022-01-21 13:10:12:495 --INFO -- AirParticleDetector:端口“COM1”不存在。
2022-01-21 13:10:13:003 --INFO -- AirParticleDetector:端口“COM1”不存在。
2022-01-21 13:10:13:509 --INFO -- AirParticleDetector:端口“COM1”不存在。
2022-01-21 13:10:14:016 --INFO -- AirParticleDetector:端口“COM1”不存在。
2022-01-21 13:10:14:525 --INFO -- AirParticleDetector:端口“COM1”不存在。
2022-01-21 13:10:15:033 --INFO -- AirParticleDetector:端口“COM1”不存在。
2022-01-21 13:10:15:540 --INFO -- AirParticleDetector:端口“COM1”不存在。
2022-01-21 13:10:16:046 --INFO -- AirParticleDetector:端口“COM1”不存在。
2022-01-21 13:10:16:553 --INFO -- AirParticleDetector:端口“COM1”不存在。
2022-01-21 13:10:17:060 --INFO -- AirParticleDetector:端口“COM1”不存在。
2022-01-21 13:10:17:566 --INFO -- AirParticleDetector:端口“COM1”不存在。
2022-01-21 13:10:18:073 --INFO -- AirParticleDetector:端口“COM1”不存在。
2022-01-21 13:10:18:579 --INFO -- AirParticleDetector:端口“COM1”不存在。
2022-01-21 13:10:19:085 --INFO -- AirParticleDetector:端口“COM1”不存在。
2022-01-21 13:10:19:592 --INFO -- AirParticleDetector:端口“COM1”不存在。
2022-01-21 13:10:20:102 --INFO -- AirParticleDetector:端口“COM1”不存在。
2022-01-21 13:10:20:609 --INFO -- AirParticleDetector:端口“COM1”不存在。
2022-01-21 13:10:21:119 --INFO -- AirParticleDetector:端口“COM1”不存在。
2022-01-21 13:10:21:626 --INFO -- AirParticleDetector:端口“COM1”不存在。
2022-01-21 13:10:22:133 --INFO -- AirParticleDetector:端口“COM1”不存在。
2022-01-21 13:10:22:640 --INFO -- AirParticleDetector:端口“COM1”不存在。
2022-01-21 13:10:23:147 --INFO -- AirParticleDetector:端口“COM1”不存在。
2022-01-21 13:10:23:655 --INFO -- AirParticleDetector:端口“COM1”不存在。
2022-01-21 13:10:24:164 --INFO -- AirParticleDetector:端口“COM1”不存在。
2022-01-21 13:10:24:673 --INFO -- AirParticleDetector:端口“COM1”不存在。
2022-01-21 13:10:25:180 --INFO -- AirParticleDetector:端口“COM1”不存在。
2022-01-21 13:10:25:687 --INFO -- AirParticleDetector:端口“COM1”不存在。
2022-01-21 13:10:26:195 --INFO -- AirParticleDetector:端口“COM1”不存在。
2022-01-21 13:10:26:703 --INFO -- AirParticleDetector:端口“COM1”不存在。
2022-01-21 13:10:27:210 --INFO -- AirParticleDetector:端口“COM1”不存在。
2022-01-21 13:10:27:716 --INFO -- AirParticleDetector:端口“COM1”不存在。

----------------------application startup--------------------------
2022-01-21 13:11:18:549 --INFO -- AirParticleDetector:端口“COM1”不存在。
2022-01-21 13:11:19:106 --INFO -- AirParticleDetector:端口“COM1”不存在。
2022-01-21 13:11:19:622 --INFO -- AirParticleDetector:端口“COM1”不存在。
2022-01-21 13:11:20:143 --INFO -- AirParticleDetector:端口“COM1”不存在。
2022-01-21 13:11:20:649 --INFO -- AirParticleDetector:端口“COM1”不存在。
2022-01-21 13:11:21:162 --INFO -- AirParticleDetector:端口“COM1”不存在。
2022-01-21 13:11:21:668 --INFO -- AirParticleDetector:端口“COM1”不存在。
2022-01-21 13:11:22:176 --INFO -- AirParticleDetector:端口“COM1”不存在。
2022-01-21 13:11:22:684 --INFO -- AirParticleDetector:端口“COM1”不存在。
2022-01-21 13:11:23:192 --INFO -- AirParticleDetector:端口“COM1”不存在。
2022-01-21 13:11:23:700 --INFO -- AirParticleDetector:端口“COM1”不存在。
2022-01-21 13:11:24:205 --INFO -- AirParticleDetector:端口“COM1”不存在。
2022-01-21 13:11:24:712 --INFO -- AirParticleDetector:端口“COM1”不存在。
2022-01-21 13:11:25:221 --INFO -- AirParticleDetector:端口“COM1”不存在。
2022-01-21 13:11:25:727 --INFO -- AirParticleDetector:端口“COM1”不存在。
2022-01-21 13:11:26:235 --INFO -- AirParticleDetector:端口“COM1”不存在。
2022-01-21 13:11:26:745 --INFO -- AirParticleDetector:端口“COM1”不存在。
2022-01-21 13:11:27:250 --INFO -- AirParticleDetector:端口“COM1”不存在。
2022-01-21 13:11:27:758 --INFO -- AirParticleDetector:端口“COM1”不存在。
2022-01-21 13:11:28:265 --INFO -- AirParticleDetector:端口“COM1”不存在。
2022-01-21 13:11:28:774 --INFO -- AirParticleDetector:端口“COM1”不存在。
2022-01-21 13:11:29:280 --INFO -- AirParticleDetector:端口“COM1”不存在。
2022-01-21 13:11:29:786 --INFO -- AirParticleDetector:端口“COM1”不存在。
2022-01-21 13:11:30:293 --INFO -- AirParticleDetector:端口“COM1”不存在。
2022-01-21 13:11:30:799 --INFO -- AirParticleDetector:端口“COM1”不存在。
2022-01-21 13:11:31:305 --INFO -- AirParticleDetector:端口“COM1”不存在。
2022-01-21 13:11:31:813 --INFO -- AirParticleDetector:端口“COM1”不存在。
2022-01-21 13:11:32:320 --INFO -- AirParticleDetector:端口“COM1”不存在。
2022-01-21 13:11:32:828 --INFO -- AirParticleDetector:端口“COM1”不存在。

 ----------------------application shutdown--------------------------

----------------------application startup--------------------------
2022-01-21 13:11:42:988 --INFO -- AirParticleDetector:端口“COM1”不存在。
2022-01-21 13:11:43:527 --INFO -- AirParticleDetector:端口“COM1”不存在。
2022-01-21 13:11:44:047 --INFO -- AirParticleDetector:端口“COM1”不存在。
2022-01-21 13:11:44:556 --INFO -- AirParticleDetector:端口“COM1”不存在。
2022-01-21 13:11:45:065 --INFO -- AirParticleDetector:端口“COM1”不存在。
2022-01-21 13:11:45:572 --INFO -- AirParticleDetector:端口“COM1”不存在。
2022-01-21 13:11:46:082 --INFO -- AirParticleDetector:端口“COM1”不存在。
2022-01-21 13:11:46:588 --INFO -- AirParticleDetector:端口“COM1”不存在。

 ----------------------application shutdown--------------------------

----------------------application startup--------------------------
2022-01-21 13:12:49:053 --INFO -- AirParticleDetector:端口“COM1”不存在。
2022-01-21 13:12:49:582 --INFO -- AirParticleDetector:端口“COM1”不存在。
2022-01-21 13:12:50:099 --INFO -- AirParticleDetector:端口“COM1”不存在。
2022-01-21 13:12:50:635 --INFO -- AirParticleDetector:端口“COM1”不存在。
2022-01-21 13:12:51:141 --INFO -- AirParticleDetector:端口“COM1”不存在。
2022-01-21 13:12:51:650 --INFO -- AirParticleDetector:端口“COM1”不存在。
2022-01-21 13:12:52:155 --INFO -- AirParticleDetector:端口“COM1”不存在。
2022-01-21 13:12:52:662 --INFO -- AirParticleDetector:端口“COM1”不存在。
2022-01-21 13:12:53:169 --INFO -- AirParticleDetector:端口“COM1”不存在。
2022-01-21 13:12:53:675 --INFO -- AirParticleDetector:端口“COM1”不存在。
2022-01-21 13:12:54:184 --INFO -- AirParticleDetector:端口“COM1”不存在。
2022-01-21 13:12:54:691 --INFO -- AirParticleDetector:端口“COM1”不存在。
2022-01-21 13:12:55:198 --INFO -- AirParticleDetector:端口“COM1”不存在。
2022-01-21 13:12:55:704 --INFO -- AirParticleDetector:端口“COM1”不存在。
2022-01-21 13:12:56:212 --INFO -- AirParticleDetector:端口“COM1”不存在。
2022-01-21 13:12:56:717 --INFO -- AirParticleDetector:端口“COM1”不存在。
2022-01-21 13:12:57:225 --INFO -- AirParticleDetector:端口“COM1”不存在。
2022-01-21 13:12:57:732 --INFO -- AirParticleDetector:端口“COM1”不存在。
2022-01-21 13:12:58:240 --INFO -- AirParticleDetector:端口“COM1”不存在。
2022-01-21 13:12:58:751 --INFO -- AirParticleDetector:端口“COM1”不存在。
2022-01-21 13:12:59:257 --INFO -- AirParticleDetector:端口“COM1”不存在。
2022-01-21 13:12:59:765 --INFO -- AirParticleDetector:端口“COM1”不存在。
2022-01-21 13:13:00:272 --INFO -- AirParticleDetector:端口“COM1”不存在。
2022-01-21 13:13:00:779 --INFO -- AirParticleDetector:端口“COM1”不存在。
2022-01-21 13:13:01:286 --INFO -- AirParticleDetector:端口“COM1”不存在。
2022-01-21 13:13:01:792 --INFO -- AirParticleDetector:端口“COM1”不存在。
2022-01-21 13:13:02:302 --INFO -- AirParticleDetector:端口“COM1”不存在。
2022-01-21 13:13:02:810 --INFO -- AirParticleDetector:端口“COM1”不存在。
2022-01-21 13:13:03:320 --INFO -- AirParticleDetector:端口“COM1”不存在。
2022-01-21 13:13:03:826 --INFO -- AirParticleDetector:端口“COM1”不存在。
2022-01-21 13:13:04:333 --INFO -- AirParticleDetector:端口“COM1”不存在。
2022-01-21 13:13:04:849 --INFO -- AirParticleDetector:端口“COM1”不存在。

 ----------------------application shutdown--------------------------

----------------------application startup--------------------------
2022-01-21 13:14:21:180 --INFO -- AirParticleDetector:端口“COM1”不存在。
2022-01-21 13:14:21:717 --INFO -- AirParticleDetector:端口“COM1”不存在。
2022-01-21 13:14:22:231 --INFO -- AirParticleDetector:端口“COM1”不存在。
2022-01-21 13:14:22:738 --INFO -- AirParticleDetector:端口“COM1”不存在。
2022-01-21 13:14:23:247 --INFO -- AirParticleDetector:端口“COM1”不存在。
2022-01-21 13:14:23:755 --INFO -- AirParticleDetector:端口“COM1”不存在。
2022-01-21 13:14:24:261 --INFO -- AirParticleDetector:端口“COM1”不存在。
2022-01-21 13:14:24:767 --INFO -- AirParticleDetector:端口“COM1”不存在。
2022-01-21 13:14:25:274 --INFO -- AirParticleDetector:端口“COM1”不存在。
2022-01-21 13:14:25:783 --INFO -- AirParticleDetector:端口“COM1”不存在。
2022-01-21 13:14:26:289 --INFO -- AirParticleDetector:端口“COM1”不存在。
2022-01-21 13:14:26:795 --INFO -- AirParticleDetector:端口“COM1”不存在。
2022-01-21 13:14:27:300 --INFO -- AirParticleDetector:端口“COM1”不存在。
2022-01-21 13:14:27:808 --INFO -- AirParticleDetector:端口“COM1”不存在。
2022-01-21 13:14:28:313 --INFO -- AirParticleDetector:端口“COM1”不存在。
2022-01-21 13:14:28:820 --INFO -- AirParticleDetector:端口“COM1”不存在。
2022-01-21 13:14:29:326 --INFO -- AirParticleDetector:端口“COM1”不存在。

 ----------------------application shutdown--------------------------

----------------------application startup--------------------------
2022-01-21 13:18:26:855 --INFO -- AirParticleDetector:端口“COM1”不存在。
2022-01-21 13:18:27:372 --INFO -- AirParticleDetector:端口“COM1”不存在。
2022-01-21 13:18:27:899 --INFO -- AirParticleDetector:端口“COM1”不存在。
2022-01-21 13:18:28:420 --INFO -- AirParticleDetector:端口“COM1”不存在。
2022-01-21 13:18:28:937 --INFO -- AirParticleDetector:端口“COM1”不存在。
2022-01-21 13:18:29:457 --INFO -- AirParticleDetector:端口“COM1”不存在。
2022-01-21 13:18:29:963 --INFO -- AirParticleDetector:端口“COM1”不存在。
2022-01-21 13:18:30:468 --INFO -- AirParticleDetector:端口“COM1”不存在。
2022-01-21 13:18:30:975 --INFO -- AirParticleDetector:端口“COM1”不存在。
2022-01-21 13:18:31:480 --INFO -- AirParticleDetector:端口“COM1”不存在。
2022-01-21 13:18:32:005 --INFO -- AirParticleDetector:端口“COM1”不存在。
2022-01-21 13:18:32:511 --INFO -- AirParticleDetector:端口“COM1”不存在。
2022-01-21 13:18:33:019 --INFO -- AirParticleDetector:端口“COM1”不存在。
2022-01-21 13:18:33:527 --INFO -- AirParticleDetector:端口“COM1”不存在。
2022-01-21 13:18:34:035 --INFO -- AirParticleDetector:端口“COM1”不存在。
2022-01-21 13:18:34:543 --INFO -- AirParticleDetector:端口“COM1”不存在。
2022-01-21 13:18:35:049 --INFO -- AirParticleDetector:端口“COM1”不存在。
2022-01-21 13:18:35:555 --INFO -- AirParticleDetector:端口“COM1”不存在。
2022-01-21 13:18:36:062 --INFO -- AirParticleDetector:端口“COM1”不存在。
2022-01-21 13:18:36:568 --INFO -- AirParticleDetector:端口“COM1”不存在。
2022-01-21 13:18:37:074 --INFO -- AirParticleDetector:端口“COM1”不存在。
2022-01-21 13:18:37:581 --INFO -- AirParticleDetector:端口“COM1”不存在。
2022-01-21 13:18:38:087 --INFO -- AirParticleDetector:端口“COM1”不存在。
2022-01-21 13:18:38:594 --INFO -- AirParticleDetector:端口“COM1”不存在。
2022-01-21 13:18:39:100 --INFO -- AirParticleDetector:端口“COM1”不存在。
2022-01-21 13:18:39:606 --INFO -- AirParticleDetector:端口“COM1”不存在。
2022-01-21 13:18:40:113 --INFO -- AirParticleDetector:端口“COM1”不存在。
2022-01-21 13:18:40:619 --INFO -- AirParticleDetector:端口“COM1”不存在。
2022-01-21 13:18:41:125 --INFO -- AirParticleDetector:端口“COM1”不存在。
2022-01-21 13:18:41:631 --INFO -- AirParticleDetector:端口“COM1”不存在。
2022-01-21 13:18:42:138 --INFO -- AirParticleDetector:端口“COM1”不存在。
2022-01-21 13:18:42:644 --INFO -- AirParticleDetector:端口“COM1”不存在。
2022-01-21 13:18:43:149 --INFO -- AirParticleDetector:端口“COM1”不存在。
2022-01-21 13:18:43:657 --INFO -- AirParticleDetector:端口“COM1”不存在。
2022-01-21 13:18:44:162 --INFO -- AirParticleDetector:端口“COM1”不存在。
2022-01-21 13:18:44:669 --INFO -- AirParticleDetector:端口“COM1”不存在。
2022-01-21 13:18:45:175 --INFO -- AirParticleDetector:端口“COM1”不存在。
2022-01-21 13:18:45:680 --INFO -- AirParticleDetector:端口“COM1”不存在。
2022-01-21 13:18:46:187 --INFO -- AirParticleDetector:端口“COM1”不存在。
2022-01-21 13:18:46:694 --INFO -- AirParticleDetector:端口“COM1”不存在。
2022-01-21 13:18:47:200 --INFO -- AirParticleDetector:端口“COM1”不存在。
2022-01-21 13:18:47:706 --INFO -- AirParticleDetector:端口“COM1”不存在。
2022-01-21 13:18:48:214 --INFO -- AirParticleDetector:端口“COM1”不存在。
2022-01-21 13:18:48:720 --INFO -- AirParticleDetector:端口“COM1”不存在。
2022-01-21 13:18:49:226 --INFO -- AirParticleDetector:端口“COM1”不存在。
2022-01-21 13:18:49:732 --INFO -- AirParticleDetector:端口“COM1”不存在。
2022-01-21 13:18:50:239 --INFO -- AirParticleDetector:端口“COM1”不存在。
2022-01-21 13:18:50:753 --INFO -- AirParticleDetector:端口“COM1”不存在。
2022-01-21 13:18:51:267 --INFO -- AirParticleDetector:端口“COM1”不存在。
2022-01-21 13:18:51:779 --INFO -- AirParticleDetector:端口“COM1”不存在。
2022-01-21 13:18:52:286 --INFO -- AirParticleDetector:端口“COM1”不存在。
2022-01-21 13:18:52:793 --INFO -- AirParticleDetector:端口“COM1”不存在。
2022-01-21 13:18:53:299 --INFO -- AirParticleDetector:端口“COM1”不存在。
2022-01-21 13:18:53:806 --INFO -- AirParticleDetector:端口“COM1”不存在。
2022-01-21 13:18:54:319 --INFO -- AirParticleDetector:端口“COM1”不存在。
2022-01-21 13:18:54:830 --INFO -- AirParticleDetector:端口“COM1”不存在。
2022-01-21 13:18:55:336 --INFO -- AirParticleDetector:端口“COM1”不存在。
2022-01-21 13:18:55:844 --INFO -- AirParticleDetector:端口“COM1”不存在。
2022-01-21 13:18:56:350 --INFO -- AirParticleDetector:端口“COM1”不存在。
2022-01-21 13:18:56:859 --INFO -- AirParticleDetector:端口“COM1”不存在。
2022-01-21 13:18:57:368 --INFO -- AirParticleDetector:端口“COM1”不存在。
2022-01-21 13:18:57:883 --INFO -- AirParticleDetector:端口“COM1”不存在。
2022-01-21 13:18:58:390 --INFO -- AirParticleDetector:端口“COM1”不存在。
2022-01-21 13:18:58:898 --INFO -- AirParticleDetector:端口“COM1”不存在。
2022-01-21 13:18:59:412 --INFO -- AirParticleDetector:端口“COM1”不存在。
2022-01-21 13:18:59:919 --INFO -- AirParticleDetector:端口“COM1”不存在。
2022-01-21 13:19:00:424 --INFO -- AirParticleDetector:端口“COM1”不存在。
2022-01-21 13:19:00:931 --INFO -- AirParticleDetector:端口“COM1”不存在。
2022-01-21 13:19:01:440 --INFO -- AirParticleDetector:端口“COM1”不存在。
2022-01-21 13:19:01:946 --INFO -- AirParticleDetector:端口“COM1”不存在。
2022-01-21 13:19:02:453 --INFO -- AirParticleDetector:端口“COM1”不存在。
2022-01-21 13:19:02:963 --INFO -- AirParticleDetector:端口“COM1”不存在。
2022-01-21 13:19:03:472 --INFO -- AirParticleDetector:端口“COM1”不存在。
2022-01-21 13:19:03:977 --INFO -- AirParticleDetector:端口“COM1”不存在。
2022-01-21 13:19:04:484 --INFO -- AirParticleDetector:端口“COM1”不存在。
2022-01-21 13:19:04:992 --INFO -- AirParticleDetector:端口“COM1”不存在。
2022-01-21 13:19:05:499 --INFO -- AirParticleDetector:端口“COM1”不存在。
2022-01-21 13:19:06:006 --INFO -- AirParticleDetector:端口“COM1”不存在。
2022-01-21 13:19:06:514 --INFO -- AirParticleDetector:端口“COM1”不存在。
2022-01-21 13:19:07:021 --INFO -- AirParticleDetector:端口“COM1”不存在。
2022-01-21 13:19:07:527 --INFO -- AirParticleDetector:端口“COM1”不存在。
2022-01-21 13:19:08:035 --INFO -- AirParticleDetector:端口“COM1”不存在。
2022-01-21 13:19:08:542 --INFO -- AirParticleDetector:端口“COM1”不存在。
2022-01-21 13:19:09:049 --INFO -- AirParticleDetector:端口“COM1”不存在。
2022-01-21 13:19:09:554 --INFO -- AirParticleDetector:端口“COM1”不存在。
2022-01-21 13:19:10:062 --INFO -- AirParticleDetector:端口“COM1”不存在。
2022-01-21 13:19:10:570 --INFO -- AirParticleDetector:端口“COM1”不存在。
2022-01-21 13:19:11:075 --INFO -- AirParticleDetector:端口“COM1”不存在。
2022-01-21 13:19:11:581 --INFO -- AirParticleDetector:端口“COM1”不存在。
2022-01-21 13:19:12:089 --INFO -- AirParticleDetector:端口“COM1”不存在。
2022-01-21 13:19:12:596 --INFO -- AirParticleDetector:端口“COM1”不存在。
2022-01-21 13:19:13:103 --INFO -- AirParticleDetector:端口“COM1”不存在。
2022-01-21 13:19:13:611 --INFO -- AirParticleDetector:端口“COM1”不存在。
2022-01-21 13:19:14:117 --INFO -- AirParticleDetector:端口“COM1”不存在。
2022-01-21 13:19:14:624 --INFO -- AirParticleDetector:端口“COM1”不存在。
2022-01-21 13:19:15:132 --INFO -- AirParticleDetector:端口“COM1”不存在。
2022-01-21 13:19:15:638 --INFO -- AirParticleDetector:端口“COM1”不存在。
2022-01-21 13:19:16:144 --INFO -- AirParticleDetector:端口“COM1”不存在。
2022-01-21 13:19:16:650 --INFO -- AirParticleDetector:端口“COM1”不存在。
2022-01-21 13:19:17:156 --INFO -- AirParticleDetector:端口“COM1”不存在。
2022-01-21 13:19:17:662 --INFO -- AirParticleDetector:端口“COM1”不存在。
2022-01-21 13:19:18:170 --INFO -- AirParticleDetector:端口“COM1”不存在。
2022-01-21 13:19:18:676 --INFO -- AirParticleDetector:端口“COM1”不存在。
2022-01-21 13:19:19:181 --INFO -- AirParticleDetector:端口“COM1”不存在。
2022-01-21 13:19:19:687 --INFO -- AirParticleDetector:端口“COM1”不存在。
2022-01-21 13:19:20:193 --INFO -- AirParticleDetector:端口“COM1”不存在。
2022-01-21 13:19:20:700 --INFO -- AirParticleDetector:端口“COM1”不存在。
2022-01-21 13:19:21:217 --INFO -- AirParticleDetector:端口“COM1”不存在。
2022-01-21 13:19:21:733 --INFO -- AirParticleDetector:端口“COM1”不存在。
2022-01-21 13:19:22:240 --INFO -- AirParticleDetector:端口“COM1”不存在。
2022-01-21 13:19:22:754 --INFO -- AirParticleDetector:端口“COM1”不存在。
2022-01-21 13:19:23:264 --INFO -- AirParticleDetector:端口“COM1”不存在。
2022-01-21 13:19:23:800 --INFO -- AirParticleDetector:端口“COM1”不存在。
2022-01-21 13:19:24:310 --INFO -- AirParticleDetector:端口“COM1”不存在。
2022-01-21 13:19:24:829 --INFO -- AirParticleDetector:端口“COM1”不存在。
2022-01-21 13:19:25:337 --INFO -- AirParticleDetector:端口“COM1”不存在。
2022-01-21 13:19:25:928 --INFO -- AirParticleDetector:端口“COM1”不存在。
2022-01-21 13:19:26:436 --INFO -- AirParticleDetector:端口“COM1”不存在。
2022-01-21 13:19:26:941 --INFO -- AirParticleDetector:端口“COM1”不存在。
2022-01-21 13:19:27:448 --INFO -- AirParticleDetector:端口“COM1”不存在。
2022-01-21 13:19:27:955 --INFO -- AirParticleDetector:端口“COM1”不存在。
2022-01-21 13:19:28:460 --INFO -- AirParticleDetector:端口“COM1”不存在。
2022-01-21 13:19:28:968 --INFO -- AirParticleDetector:端口“COM1”不存在。
2022-01-21 13:19:29:473 --INFO -- AirParticleDetector:端口“COM1”不存在。
2022-01-21 13:19:29:981 --INFO -- AirParticleDetector:端口“COM1”不存在。
2022-01-21 13:19:30:488 --INFO -- AirParticleDetector:端口“COM1”不存在。
2022-01-21 13:19:31:017 --INFO -- AirParticleDetector:端口“COM1”不存在。
2022-01-21 13:19:31:524 --INFO -- AirParticleDetector:端口“COM1”不存在。
2022-01-21 13:19:32:031 --INFO -- AirParticleDetector:端口“COM1”不存在。
2022-01-21 13:19:32:536 --INFO -- AirParticleDetector:端口“COM1”不存在。
2022-01-21 13:19:33:044 --INFO -- AirParticleDetector:端口“COM1”不存在。
2022-01-21 13:19:33:551 --INFO -- AirParticleDetector:端口“COM1”不存在。
2022-01-21 13:19:34:060 --INFO -- AirParticleDetector:端口“COM1”不存在。
2022-01-21 13:19:34:568 --INFO -- AirParticleDetector:端口“COM1”不存在。
2022-01-21 13:19:35:074 --INFO -- AirParticleDetector:端口“COM1”不存在。
2022-01-21 13:19:35:582 --INFO -- AirParticleDetector:端口“COM1”不存在。
2022-01-21 13:19:36:096 --INFO -- AirParticleDetector:端口“COM1”不存在。
2022-01-21 13:19:36:603 --INFO -- AirParticleDetector:端口“COM1”不存在。
2022-01-21 13:19:37:111 --INFO -- AirParticleDetector:端口“COM1”不存在。
2022-01-21 13:19:37:622 --INFO -- AirParticleDetector:端口“COM1”不存在。
2022-01-21 13:19:38:139 --INFO -- AirParticleDetector:端口“COM1”不存在。
2022-01-21 13:19:38:645 --INFO -- AirParticleDetector:端口“COM1”不存在。
2022-01-21 13:19:39:151 --INFO -- AirParticleDetector:端口“COM1”不存在。
2022-01-21 13:19:39:660 --INFO -- AirParticleDetector:端口“COM1”不存在。
2022-01-21 13:19:40:170 --INFO -- AirParticleDetector:端口“COM1”不存在。
2022-01-21 13:19:40:677 --INFO -- AirParticleDetector:端口“COM1”不存在。
2022-01-21 13:19:41:192 --INFO -- AirParticleDetector:端口“COM1”不存在。
2022-01-21 13:19:41:700 --INFO -- AirParticleDetector:端口“COM1”不存在。
2022-01-21 13:19:42:206 --INFO -- AirParticleDetector:端口“COM1”不存在。
2022-01-21 13:19:42:714 --INFO -- AirParticleDetector:端口“COM1”不存在。
2022-01-21 13:19:43:222 --INFO -- AirParticleDetector:端口“COM1”不存在。
2022-01-21 13:19:43:732 --INFO -- AirParticleDetector:端口“COM1”不存在。
2022-01-21 13:19:44:240 --INFO -- AirParticleDetector:端口“COM1”不存在。
2022-01-21 13:19:44:745 --INFO -- AirParticleDetector:端口“COM1”不存在。
2022-01-21 13:19:45:252 --INFO -- AirParticleDetector:端口“COM1”不存在。
2022-01-21 13:19:45:762 --INFO -- AirParticleDetector:端口“COM1”不存在。
2022-01-21 13:19:46:269 --INFO -- AirParticleDetector:端口“COM1”不存在。
2022-01-21 13:19:46:777 --INFO -- AirParticleDetector:端口“COM1”不存在。
2022-01-21 13:19:47:283 --INFO -- AirParticleDetector:端口“COM1”不存在。
2022-01-21 13:19:47:789 --INFO -- AirParticleDetector:端口“COM1”不存在。
2022-01-21 13:19:48:296 --INFO -- AirParticleDetector:端口“COM1”不存在。
2022-01-21 13:19:48:802 --INFO -- AirParticleDetector:端口“COM1”不存在。
2022-01-21 13:19:49:308 --INFO -- AirParticleDetector:端口“COM1”不存在。
2022-01-21 13:19:49:815 --INFO -- AirParticleDetector:端口“COM1”不存在。
2022-01-21 13:19:50:320 --INFO -- AirParticleDetector:端口“COM1”不存在。
2022-01-21 13:19:50:830 --INFO -- AirParticleDetector:端口“COM1”不存在。
2022-01-21 13:19:51:337 --INFO -- AirParticleDetector:端口“COM1”不存在。
2022-01-21 13:19:51:844 --INFO -- AirParticleDetector:端口“COM1”不存在。
2022-01-21 13:19:52:351 --INFO -- AirParticleDetector:端口“COM1”不存在。
2022-01-21 13:19:52:857 --INFO -- AirParticleDetector:端口“COM1”不存在。
2022-01-21 13:19:53:364 --INFO -- AirParticleDetector:端口“COM1”不存在。
2022-01-21 13:19:53:870 --INFO -- AirParticleDetector:端口“COM1”不存在。
2022-01-21 13:19:54:381 --INFO -- AirParticleDetector:端口“COM1”不存在。
2022-01-21 13:19:54:887 --INFO -- AirParticleDetector:端口“COM1”不存在。
2022-01-21 13:19:55:424 --INFO -- AirParticleDetector:端口“COM1”不存在。
2022-01-21 13:19:55:931 --INFO -- AirParticleDetector:端口“COM1”不存在。
2022-01-21 13:19:56:439 --INFO -- AirParticleDetector:端口“COM1”不存在。
2022-01-21 13:19:56:944 --INFO -- AirParticleDetector:端口“COM1”不存在。
2022-01-21 13:19:57:452 --INFO -- AirParticleDetector:端口“COM1”不存在。
2022-01-21 13:19:57:959 --INFO -- AirParticleDetector:端口“COM1”不存在。
2022-01-21 13:19:58:465 --INFO -- AirParticleDetector:端口“COM1”不存在。
2022-01-21 13:19:58:971 --INFO -- AirParticleDetector:端口“COM1”不存在。
2022-01-21 13:19:59:478 --INFO -- AirParticleDetector:端口“COM1”不存在。
2022-01-21 13:19:59:985 --INFO -- AirParticleDetector:端口“COM1”不存在。
2022-01-21 13:20:00:492 --INFO -- AirParticleDetector:端口“COM1”不存在。
2022-01-21 13:20:00:999 --INFO -- AirParticleDetector:端口“COM1”不存在。
2022-01-21 13:20:01:506 --INFO -- AirParticleDetector:端口“COM1”不存在。
2022-01-21 13:20:02:012 --INFO -- AirParticleDetector:端口“COM1”不存在。
2022-01-21 13:20:02:520 --INFO -- AirParticleDetector:端口“COM1”不存在。
2022-01-21 13:20:03:025 --INFO -- AirParticleDetector:端口“COM1”不存在。
2022-01-21 13:20:03:533 --INFO -- AirParticleDetector:端口“COM1”不存在。
2022-01-21 13:20:04:040 --INFO -- AirParticleDetector:端口“COM1”不存在。
2022-01-21 13:20:04:547 --INFO -- AirParticleDetector:端口“COM1”不存在。
2022-01-21 13:20:05:054 --INFO -- AirParticleDetector:端口“COM1”不存在。
2022-01-21 13:20:05:566 --INFO -- AirParticleDetector:端口“COM1”不存在。
2022-01-21 13:20:06:071 --INFO -- AirParticleDetector:端口“COM1”不存在。
2022-01-21 13:20:06:579 --INFO -- AirParticleDetector:端口“COM1”不存在。
2022-01-21 13:20:07:086 --INFO -- AirParticleDetector:端口“COM1”不存在。
2022-01-21 13:20:07:593 --INFO -- AirParticleDetector:端口“COM1”不存在。
2022-01-21 13:20:08:099 --INFO -- AirParticleDetector:端口“COM1”不存在。
2022-01-21 13:20:08:604 --INFO -- AirParticleDetector:端口“COM1”不存在。
2022-01-21 13:20:09:111 --INFO -- AirParticleDetector:端口“COM1”不存在。
2022-01-21 13:20:09:617 --INFO -- AirParticleDetector:端口“COM1”不存在。
2022-01-21 13:20:10:130 --INFO -- AirParticleDetector:端口“COM1”不存在。
2022-01-21 13:20:10:636 --INFO -- AirParticleDetector:端口“COM1”不存在。
2022-01-21 13:20:11:143 --INFO -- AirParticleDetector:端口“COM1”不存在。
2022-01-21 13:20:11:650 --INFO -- AirParticleDetector:端口“COM1”不存在。
2022-01-21 13:20:12:156 --INFO -- AirParticleDetector:端口“COM1”不存在。
2022-01-21 13:20:12:662 --INFO -- AirParticleDetector:端口“COM1”不存在。
2022-01-21 13:20:13:171 --INFO -- AirParticleDetector:端口“COM1”不存在。
2022-01-21 13:20:13:676 --INFO -- AirParticleDetector:端口“COM1”不存在。
2022-01-21 13:20:14:188 --INFO -- AirParticleDetector:端口“COM1”不存在。
2022-01-21 13:20:14:694 --INFO -- AirParticleDetector:端口“COM1”不存在。
2022-01-21 13:20:15:208 --INFO -- AirParticleDetector:端口“COM1”不存在。
2022-01-21 13:20:15:717 --INFO -- AirParticleDetector:端口“COM1”不存在。
2022-01-21 13:20:16:230 --INFO -- AirParticleDetector:端口“COM1”不存在。
2022-01-21 13:20:16:738 --INFO -- AirParticleDetector:端口“COM1”不存在。
2022-01-21 13:20:17:245 --INFO -- AirParticleDetector:端口“COM1”不存在。
2022-01-21 13:20:17:753 --INFO -- AirParticleDetector:端口“COM1”不存在。
2022-01-21 13:20:18:260 --INFO -- AirParticleDetector:端口“COM1”不存在。
2022-01-21 13:20:18:768 --INFO -- AirParticleDetector:端口“COM1”不存在。
2022-01-21 13:20:19:275 --INFO -- AirParticleDetector:端口“COM1”不存在。
2022-01-21 13:20:19:782 --INFO -- AirParticleDetector:端口“COM1”不存在。
2022-01-21 13:20:20:289 --INFO -- AirParticleDetector:端口“COM1”不存在。
2022-01-21 13:20:20:797 --INFO -- AirParticleDetector:端口“COM1”不存在。
2022-01-21 13:20:21:303 --INFO -- AirParticleDetector:端口“COM1”不存在。
2022-01-21 13:20:21:809 --INFO -- AirParticleDetector:端口“COM1”不存在。
2022-01-21 13:20:22:315 --INFO -- AirParticleDetector:端口“COM1”不存在。
2022-01-21 13:20:22:823 --INFO -- AirParticleDetector:端口“COM1”不存在。
2022-01-21 13:20:23:331 --INFO -- AirParticleDetector:端口“COM1”不存在。
2022-01-21 13:20:23:838 --INFO -- AirParticleDetector:端口“COM1”不存在。
2022-01-21 13:20:24:345 --INFO -- AirParticleDetector:端口“COM1”不存在。
2022-01-21 13:20:24:852 --INFO -- AirParticleDetector:端口“COM1”不存在。
2022-01-21 13:20:25:357 --INFO -- AirParticleDetector:端口“COM1”不存在。
2022-01-21 13:20:25:863 --INFO -- AirParticleDetector:端口“COM1”不存在。
2022-01-21 13:20:26:371 --INFO -- AirParticleDetector:端口“COM1”不存在。
2022-01-21 13:20:26:876 --INFO -- AirParticleDetector:端口“COM1”不存在。
2022-01-21 13:20:27:383 --INFO -- AirParticleDetector:端口“COM1”不存在。
2022-01-21 13:20:27:890 --INFO -- AirParticleDetector:端口“COM1”不存在。
2022-01-21 13:20:28:400 --INFO -- AirParticleDetector:端口“COM1”不存在。
2022-01-21 13:20:28:908 --INFO -- AirParticleDetector:端口“COM1”不存在。
2022-01-21 13:20:29:414 --INFO -- AirParticleDetector:端口“COM1”不存在。
2022-01-21 13:20:29:920 --INFO -- AirParticleDetector:端口“COM1”不存在。
2022-01-21 13:20:30:426 --INFO -- AirParticleDetector:端口“COM1”不存在。
2022-01-21 13:20:30:933 --INFO -- AirParticleDetector:端口“COM1”不存在。
2022-01-21 13:20:31:441 --INFO -- AirParticleDetector:端口“COM1”不存在。
2022-01-21 13:20:31:948 --INFO -- AirParticleDetector:端口“COM1”不存在。
2022-01-21 13:20:32:454 --INFO -- AirParticleDetector:端口“COM1”不存在。
2022-01-21 13:20:32:961 --INFO -- AirParticleDetector:端口“COM1”不存在。
2022-01-21 13:20:33:468 --INFO -- AirParticleDetector:端口“COM1”不存在。
2022-01-21 13:20:33:975 --INFO -- AirParticleDetector:端口“COM1”不存在。
2022-01-21 13:20:34:482 --INFO -- AirParticleDetector:端口“COM1”不存在。
2022-01-21 13:20:34:990 --INFO -- AirParticleDetector:端口“COM1”不存在。
2022-01-21 13:20:35:496 --INFO -- AirParticleDetector:端口“COM1”不存在。
2022-01-21 13:20:36:004 --INFO -- AirParticleDetector:端口“COM1”不存在。
2022-01-21 13:20:36:511 --INFO -- AirParticleDetector:端口“COM1”不存在。
2022-01-21 13:20:37:020 --INFO -- AirParticleDetector:端口“COM1”不存在。
2022-01-21 13:20:37:528 --INFO -- AirParticleDetector:端口“COM1”不存在。
2022-01-21 13:20:38:036 --INFO -- AirParticleDetector:端口“COM1”不存在。
2022-01-21 13:20:38:542 --INFO -- AirParticleDetector:端口“COM1”不存在。
2022-01-21 13:20:39:049 --INFO -- AirParticleDetector:端口“COM1”不存在。
2022-01-21 13:20:39:555 --INFO -- AirParticleDetector:端口“COM1”不存在。
2022-01-21 13:20:40:061 --INFO -- AirParticleDetector:端口“COM1”不存在。
2022-01-21 13:20:40:568 --INFO -- AirParticleDetector:端口“COM1”不存在。
2022-01-21 13:20:41:075 --INFO -- AirParticleDetector:端口“COM1”不存在。
2022-01-21 13:20:41:581 --INFO -- AirParticleDetector:端口“COM1”不存在。
2022-01-21 13:20:42:088 --INFO -- AirParticleDetector:端口“COM1”不存在。
2022-01-21 13:20:42:594 --INFO -- AirParticleDetector:端口“COM1”不存在。
2022-01-21 13:20:43:101 --INFO -- AirParticleDetector:端口“COM1”不存在。
2022-01-21 13:20:43:606 --INFO -- AirParticleDetector:端口“COM1”不存在。
2022-01-21 13:20:44:112 --INFO -- AirParticleDetector:端口“COM1”不存在。
2022-01-21 13:20:44:619 --INFO -- AirParticleDetector:端口“COM1”不存在。
2022-01-21 13:20:45:125 --INFO -- AirParticleDetector:端口“COM1”不存在。
2022-01-21 13:20:45:633 --INFO -- AirParticleDetector:端口“COM1”不存在。
2022-01-21 13:20:46:140 --INFO -- AirParticleDetector:端口“COM1”不存在。
2022-01-21 13:20:46:658 --INFO -- AirParticleDetector:端口“COM1”不存在。
2022-01-21 13:20:47:164 --INFO -- AirParticleDetector:端口“COM1”不存在。
2022-01-21 13:20:47:672 --INFO -- AirParticleDetector:端口“COM1”不存在。
2022-01-21 13:20:48:178 --INFO -- AirParticleDetector:端口“COM1”不存在。
2022-01-21 13:20:48:685 --INFO -- AirParticleDetector:端口“COM1”不存在。
2022-01-21 13:20:49:192 --INFO -- AirParticleDetector:端口“COM1”不存在。
2022-01-21 13:20:49:698 --INFO -- AirParticleDetector:端口“COM1”不存在。
2022-01-21 13:20:50:205 --INFO -- AirParticleDetector:端口“COM1”不存在。
2022-01-21 13:20:50:712 --INFO -- AirParticleDetector:端口“COM1”不存在。
2022-01-21 13:20:51:219 --INFO -- AirParticleDetector:端口“COM1”不存在。
2022-01-21 13:20:51:726 --INFO -- AirParticleDetector:端口“COM1”不存在。
2022-01-21 13:20:52:232 --INFO -- AirParticleDetector:端口“COM1”不存在。
2022-01-21 13:20:52:740 --INFO -- AirParticleDetector:端口“COM1”不存在。
2022-01-21 13:20:53:246 --INFO -- AirParticleDetector:端口“COM1”不存在。
2022-01-21 13:20:53:754 --INFO -- AirParticleDetector:端口“COM1”不存在。
2022-01-21 13:20:54:261 --INFO -- AirParticleDetector:端口“COM1”不存在。
2022-01-21 13:20:54:767 --INFO -- AirParticleDetector:端口“COM1”不存在。
2022-01-21 13:20:55:274 --INFO -- AirParticleDetector:端口“COM1”不存在。
2022-01-21 13:20:55:779 --INFO -- AirParticleDetector:端口“COM1”不存在。
2022-01-21 13:20:56:286 --INFO -- AirParticleDetector:端口“COM1”不存在。
2022-01-21 13:20:56:793 --INFO -- AirParticleDetector:端口“COM1”不存在。
2022-01-21 13:20:57:299 --INFO -- AirParticleDetector:端口“COM1”不存在。
2022-01-21 13:20:57:806 --INFO -- AirParticleDetector:端口“COM1”不存在。
2022-01-21 13:20:58:313 --INFO -- AirParticleDetector:端口“COM1”不存在。
2022-01-21 13:20:58:821 --INFO -- AirParticleDetector:端口“COM1”不存在。
2022-01-21 13:20:59:336 --INFO -- AirParticleDetector:端口“COM1”不存在。
2022-01-21 13:20:59:843 --INFO -- AirParticleDetector:端口“COM1”不存在。
2022-01-21 13:21:00:350 --INFO -- AirParticleDetector:端口“COM1”不存在。
2022-01-21 13:21:00:856 --INFO -- AirParticleDetector:端口“COM1”不存在。
2022-01-21 13:21:01:362 --INFO -- AirParticleDetector:端口“COM1”不存在。
2022-01-21 13:21:01:870 --INFO -- AirParticleDetector:端口“COM1”不存在。
2022-01-21 13:21:02:375 --INFO -- AirParticleDetector:端口“COM1”不存在。
2022-01-21 13:21:02:885 --INFO -- AirParticleDetector:端口“COM1”不存在。
2022-01-21 13:21:03:390 --INFO -- AirParticleDetector:端口“COM1”不存在。
2022-01-21 13:21:03:897 --INFO -- AirParticleDetector:端口“COM1”不存在。
2022-01-21 13:21:04:406 --INFO -- AirParticleDetector:端口“COM1”不存在。
2022-01-21 13:21:04:912 --INFO -- AirParticleDetector:端口“COM1”不存在。
2022-01-21 13:21:05:419 --INFO -- AirParticleDetector:端口“COM1”不存在。
2022-01-21 13:21:05:925 --INFO -- AirParticleDetector:端口“COM1”不存在。
2022-01-21 13:21:06:433 --INFO -- AirParticleDetector:端口“COM1”不存在。
2022-01-21 13:21:06:940 --INFO -- AirParticleDetector:端口“COM1”不存在。
2022-01-21 13:21:07:448 --INFO -- AirParticleDetector:端口“COM1”不存在。
2022-01-21 13:21:07:954 --INFO -- AirParticleDetector:端口“COM1”不存在。
2022-01-21 13:21:08:462 --INFO -- AirParticleDetector:端口“COM1”不存在。
2022-01-21 13:21:08:972 --INFO -- AirParticleDetector:端口“COM1”不存在。
2022-01-21 13:21:09:479 --INFO -- AirParticleDetector:端口“COM1”不存在。
2022-01-21 13:21:10:354 --INFO -- AirParticleDetector:端口“COM1”不存在。
2022-01-21 13:21:10:917 --INFO -- AirParticleDetector:端口“COM1”不存在。
2022-01-21 13:21:11:498 --INFO -- AirParticleDetector:端口“COM1”不存在。
2022-01-21 13:21:12:080 --INFO -- AirParticleDetector:端口“COM1”不存在。
2022-01-21 13:21:12:586 --INFO -- AirParticleDetector:端口“COM1”不存在。
2022-01-21 13:21:13:094 --INFO -- AirParticleDetector:端口“COM1”不存在。
2022-01-21 13:21:13:600 --INFO -- AirParticleDetector:端口“COM1”不存在。
2022-01-21 13:21:14:107 --INFO -- AirParticleDetector:端口“COM1”不存在。
2022-01-21 13:21:14:613 --INFO -- AirParticleDetector:端口“COM1”不存在。
2022-01-21 13:21:15:121 --INFO -- AirParticleDetector:端口“COM1”不存在。
2022-01-21 13:21:15:635 --INFO -- AirParticleDetector:端口“COM1”不存在。
2022-01-21 13:21:16:142 --INFO -- AirParticleDetector:端口“COM1”不存在。
2022-01-21 13:21:16:649 --INFO -- AirParticleDetector:端口“COM1”不存在。
2022-01-21 13:21:17:156 --INFO -- AirParticleDetector:端口“COM1”不存在。
2022-01-21 13:21:17:661 --INFO -- AirParticleDetector:端口“COM1”不存在。
2022-01-21 13:21:18:168 --INFO -- AirParticleDetector:端口“COM1”不存在。
2022-01-21 13:21:18:676 --INFO -- AirParticleDetector:端口“COM1”不存在。
2022-01-21 13:21:19:182 --INFO -- AirParticleDetector:端口“COM1”不存在。
2022-01-21 13:21:19:689 --INFO -- AirParticleDetector:端口“COM1”不存在。
2022-01-21 13:21:20:196 --INFO -- AirParticleDetector:端口“COM1”不存在。
2022-01-21 13:21:20:702 --INFO -- AirParticleDetector:端口“COM1”不存在。
2022-01-21 13:21:21:208 --INFO -- AirParticleDetector:端口“COM1”不存在。
2022-01-21 13:21:21:714 --INFO -- AirParticleDetector:端口“COM1”不存在。
2022-01-21 13:21:22:220 --INFO -- AirParticleDetector:端口“COM1”不存在。
2022-01-21 13:21:22:727 --INFO -- AirParticleDetector:端口“COM1”不存在。
2022-01-21 13:21:23:235 --INFO -- AirParticleDetector:端口“COM1”不存在。
2022-01-21 13:21:23:740 --INFO -- AirParticleDetector:端口“COM1”不存在。
2022-01-21 13:21:24:254 --INFO -- AirParticleDetector:端口“COM1”不存在。
2022-01-21 13:21:24:761 --INFO -- AirParticleDetector:端口“COM1”不存在。
2022-01-21 13:21:25:268 --INFO -- AirParticleDetector:端口“COM1”不存在。
2022-01-21 13:21:25:773 --INFO -- AirParticleDetector:端口“COM1”不存在。
2022-01-21 13:21:26:281 --INFO -- AirParticleDetector:端口“COM1”不存在。
2022-01-21 13:21:26:788 --INFO -- AirParticleDetector:端口“COM1”不存在。
2022-01-21 13:21:27:294 --INFO -- AirParticleDetector:端口“COM1”不存在。
2022-01-21 13:21:27:802 --INFO -- AirParticleDetector:端口“COM1”不存在。
2022-01-21 13:21:28:308 --INFO -- AirParticleDetector:端口“COM1”不存在。
2022-01-21 13:21:28:814 --INFO -- AirParticleDetector:端口“COM1”不存在。
2022-01-21 13:21:29:321 --INFO -- AirParticleDetector:端口“COM1”不存在。
2022-01-21 13:21:29:835 --INFO -- AirParticleDetector:端口“COM1”不存在。
2022-01-21 13:21:30:343 --INFO -- AirParticleDetector:端口“COM1”不存在。
2022-01-21 13:21:30:856 --INFO -- AirParticleDetector:端口“COM1”不存在。
2022-01-21 13:21:31:363 --INFO -- AirParticleDetector:端口“COM1”不存在。
2022-01-21 13:21:31:873 --INFO -- AirParticleDetector:端口“COM1”不存在。
2022-01-21 13:21:32:379 --INFO -- AirParticleDetector:端口“COM1”不存在。
2022-01-21 13:21:32:893 --INFO -- AirParticleDetector:端口“COM1”不存在。
2022-01-21 13:21:33:401 --INFO -- AirParticleDetector:端口“COM1”不存在。
2022-01-21 13:21:33:906 --INFO -- AirParticleDetector:端口“COM1”不存在。
2022-01-21 13:21:34:414 --INFO -- AirParticleDetector:端口“COM1”不存在。
2022-01-21 13:21:34:921 --INFO -- AirParticleDetector:端口“COM1”不存在。
2022-01-21 13:21:35:427 --INFO -- AirParticleDetector:端口“COM1”不存在。
2022-01-21 13:21:35:934 --INFO -- AirParticleDetector:端口“COM1”不存在。
2022-01-21 13:21:36:439 --INFO -- AirParticleDetector:端口“COM1”不存在。
2022-01-21 13:21:36:946 --INFO -- AirParticleDetector:端口“COM1”不存在。
2022-01-21 13:21:37:451 --INFO -- AirParticleDetector:端口“COM1”不存在。
2022-01-21 13:21:37:960 --INFO -- AirParticleDetector:端口“COM1”不存在。
2022-01-21 13:21:38:466 --INFO -- AirParticleDetector:端口“COM1”不存在。
2022-01-21 13:21:38:974 --INFO -- AirParticleDetector:端口“COM1”不存在。
2022-01-21 13:21:39:480 --INFO -- AirParticleDetector:端口“COM1”不存在。
2022-01-21 13:21:39:987 --INFO -- AirParticleDetector:端口“COM1”不存在。
2022-01-21 13:21:40:493 --INFO -- AirParticleDetector:端口“COM1”不存在。
2022-01-21 13:21:41:000 --INFO -- AirParticleDetector:端口“COM1”不存在。
2022-01-21 13:21:41:507 --INFO -- AirParticleDetector:端口“COM1”不存在。
2022-01-21 13:21:42:013 --INFO -- AirParticleDetector:端口“COM1”不存在。
2022-01-21 13:21:42:520 --INFO -- AirParticleDetector:端口“COM1”不存在。
2022-01-21 13:21:43:026 --INFO -- AirParticleDetector:端口“COM1”不存在。
2022-01-21 13:21:43:532 --INFO -- AirParticleDetector:端口“COM1”不存在。
2022-01-21 13:21:44:039 --INFO -- AirParticleDetector:端口“COM1”不存在。
2022-01-21 13:21:44:545 --INFO -- AirParticleDetector:端口“COM1”不存在。
2022-01-21 13:21:45:051 --INFO -- AirParticleDetector:端口“COM1”不存在。
2022-01-21 13:21:45:557 --INFO -- AirParticleDetector:端口“COM1”不存在。
2022-01-21 13:21:46:065 --INFO -- AirParticleDetector:端口“COM1”不存在。
2022-01-21 13:21:46:573 --INFO -- AirParticleDetector:端口“COM1”不存在。
2022-01-21 13:21:47:078 --INFO -- AirParticleDetector:端口“COM1”不存在。
2022-01-21 13:21:47:585 --INFO -- AirParticleDetector:端口“COM1”不存在。
2022-01-21 13:21:48:091 --INFO -- AirParticleDetector:端口“COM1”不存在。
2022-01-21 13:21:48:597 --INFO -- AirParticleDetector:端口“COM1”不存在。
2022-01-21 13:21:49:106 --INFO -- AirParticleDetector:端口“COM1”不存在。
2022-01-21 13:21:49:612 --INFO -- AirParticleDetector:端口“COM1”不存在。
2022-01-21 13:21:50:119 --INFO -- AirParticleDetector:端口“COM1”不存在。
2022-01-21 13:21:50:627 --INFO -- AirParticleDetector:端口“COM1”不存在。
2022-01-21 13:21:51:133 --INFO -- AirParticleDetector:端口“COM1”不存在。
2022-01-21 13:21:51:639 --INFO -- AirParticleDetector:端口“COM1”不存在。
2022-01-21 13:21:52:146 --INFO -- AirParticleDetector:端口“COM1”不存在。
2022-01-21 13:21:52:651 --INFO -- AirParticleDetector:端口“COM1”不存在。
2022-01-21 13:21:53:158 --INFO -- AirParticleDetector:端口“COM1”不存在。
2022-01-21 13:21:53:664 --INFO -- AirParticleDetector:端口“COM1”不存在。
2022-01-21 13:21:54:172 --INFO -- AirParticleDetector:端口“COM1”不存在。
2022-01-21 13:21:54:679 --INFO -- AirParticleDetector:端口“COM1”不存在。
2022-01-21 13:21:55:185 --INFO -- AirParticleDetector:端口“COM1”不存在。
2022-01-21 13:21:55:690 --INFO -- AirParticleDetector:端口“COM1”不存在。
2022-01-21 13:21:56:198 --INFO -- AirParticleDetector:端口“COM1”不存在。
2022-01-21 13:21:56:705 --INFO -- AirParticleDetector:端口“COM1”不存在。
2022-01-21 13:21:57:211 --INFO -- AirParticleDetector:端口“COM1”不存在。
2022-01-21 13:21:57:716 --INFO -- AirParticleDetector:端口“COM1”不存在。
2022-01-21 13:21:58:223 --INFO -- AirParticleDetector:端口“COM1”不存在。
2022-01-21 13:21:58:729 --INFO -- AirParticleDetector:端口“COM1”不存在。
2022-01-21 13:21:59:236 --INFO -- AirParticleDetector:端口“COM1”不存在。
2022-01-21 13:21:59:743 --INFO -- AirParticleDetector:端口“COM1”不存在。
2022-01-21 13:22:00:249 --INFO -- AirParticleDetector:端口“COM1”不存在。
2022-01-21 13:22:00:756 --INFO -- AirParticleDetector:端口“COM1”不存在。
2022-01-21 13:22:01:263 --INFO -- AirParticleDetector:端口“COM1”不存在。
2022-01-21 13:22:01:769 --INFO -- AirParticleDetector:端口“COM1”不存在。
2022-01-21 13:22:02:283 --INFO -- AirParticleDetector:端口“COM1”不存在。
2022-01-21 13:22:02:790 --INFO -- AirParticleDetector:端口“COM1”不存在。
2022-01-21 13:22:03:296 --INFO -- AirParticleDetector:端口“COM1”不存在。
2022-01-21 13:22:03:803 --INFO -- AirParticleDetector:端口“COM1”不存在。
2022-01-21 13:22:04:310 --INFO -- AirParticleDetector:端口“COM1”不存在。
2022-01-21 13:22:04:816 --INFO -- AirParticleDetector:端口“COM1”不存在。
2022-01-21 13:22:05:323 --INFO -- AirParticleDetector:端口“COM1”不存在。
2022-01-21 13:22:05:829 --INFO -- AirParticleDetector:端口“COM1”不存在。
2022-01-21 13:22:06:336 --INFO -- AirParticleDetector:端口“COM1”不存在。
2022-01-21 13:22:06:843 --INFO -- AirParticleDetector:端口“COM1”不存在。
2022-01-21 13:22:07:349 --INFO -- AirParticleDetector:端口“COM1”不存在。
2022-01-21 13:22:07:856 --INFO -- AirParticleDetector:端口“COM1”不存在。
2022-01-21 13:22:08:363 --INFO -- AirParticleDetector:端口“COM1”不存在。
2022-01-21 13:22:08:869 --INFO -- AirParticleDetector:端口“COM1”不存在。
2022-01-21 13:22:09:375 --INFO -- AirParticleDetector:端口“COM1”不存在。
2022-01-21 13:22:09:882 --INFO -- AirParticleDetector:端口“COM1”不存在。
2022-01-21 13:22:10:389 --INFO -- AirParticleDetector:端口“COM1”不存在。
2022-01-21 13:22:10:896 --INFO -- AirParticleDetector:端口“COM1”不存在。
2022-01-21 13:22:11:403 --INFO -- AirParticleDetector:端口“COM1”不存在。
2022-01-21 13:22:11:910 --INFO -- AirParticleDetector:端口“COM1”不存在。
2022-01-21 13:22:12:416 --INFO -- AirParticleDetector:端口“COM1”不存在。
2022-01-21 13:22:12:922 --INFO -- AirParticleDetector:端口“COM1”不存在。
2022-01-21 13:22:13:428 --INFO -- AirParticleDetector:端口“COM1”不存在。
2022-01-21 13:22:13:935 --INFO -- AirParticleDetector:端口“COM1”不存在。
2022-01-21 13:22:14:441 --INFO -- AirParticleDetector:端口“COM1”不存在。
2022-01-21 13:22:14:947 --INFO -- AirParticleDetector:端口“COM1”不存在。
2022-01-21 13:22:15:453 --INFO -- AirParticleDetector:端口“COM1”不存在。
2022-01-21 13:22:15:959 --INFO -- AirParticleDetector:端口“COM1”不存在。
2022-01-21 13:22:16:466 --INFO -- AirParticleDetector:端口“COM1”不存在。
2022-01-21 13:22:16:972 --INFO -- AirParticleDetector:端口“COM1”不存在。
2022-01-21 13:22:17:478 --INFO -- AirParticleDetector:端口“COM1”不存在。
2022-01-21 13:22:17:986 --INFO -- AirParticleDetector:端口“COM1”不存在。
2022-01-21 13:22:18:494 --INFO -- AirParticleDetector:端口“COM1”不存在。
2022-01-21 13:22:19:022 --INFO -- AirParticleDetector:端口“COM1”不存在。
2022-01-21 13:22:19:529 --INFO -- AirParticleDetector:端口“COM1”不存在。
2022-01-21 13:22:20:036 --INFO -- AirParticleDetector:端口“COM1”不存在。
2022-01-21 13:22:20:541 --INFO -- AirParticleDetector:端口“COM1”不存在。
2022-01-21 13:22:21:047 --INFO -- AirParticleDetector:端口“COM1”不存在。
2022-01-21 13:22:21:554 --INFO -- AirParticleDetector:端口“COM1”不存在。
2022-01-21 13:22:22:062 --INFO -- AirParticleDetector:端口“COM1”不存在。
2022-01-21 13:22:22:568 --INFO -- AirParticleDetector:端口“COM1”不存在。
2022-01-21 13:22:23:073 --INFO -- AirParticleDetector:端口“COM1”不存在。
2022-01-21 13:22:23:579 --INFO -- AirParticleDetector:端口“COM1”不存在。
2022-01-21 13:22:24:085 --INFO -- AirParticleDetector:端口“COM1”不存在。
2022-01-21 13:22:24:591 --INFO -- AirParticleDetector:端口“COM1”不存在。
2022-01-21 13:22:25:097 --INFO -- AirParticleDetector:端口“COM1”不存在。
2022-01-21 13:22:25:605 --INFO -- AirParticleDetector:端口“COM1”不存在。
2022-01-21 13:22:26:110 --INFO -- AirParticleDetector:端口“COM1”不存在。
2022-01-21 13:22:26:617 --INFO -- AirParticleDetector:端口“COM1”不存在。
2022-01-21 13:22:27:125 --INFO -- AirParticleDetector:端口“COM1”不存在。
2022-01-21 13:22:27:631 --INFO -- AirParticleDetector:端口“COM1”不存在。
2022-01-21 13:22:28:139 --INFO -- AirParticleDetector:端口“COM1”不存在。
2022-01-21 13:22:28:646 --INFO -- AirParticleDetector:端口“COM1”不存在。
2022-01-21 13:22:29:152 --INFO -- AirParticleDetector:端口“COM1”不存在。
2022-01-21 13:22:29:658 --INFO -- AirParticleDetector:端口“COM1”不存在。
2022-01-21 13:22:30:164 --INFO -- AirParticleDetector:端口“COM1”不存在。
2022-01-21 13:22:30:670 --INFO -- AirParticleDetector:端口“COM1”不存在。
2022-01-21 13:22:31:176 --INFO -- AirParticleDetector:端口“COM1”不存在。
2022-01-21 13:22:31:682 --INFO -- AirParticleDetector:端口“COM1”不存在。
2022-01-21 13:22:32:189 --INFO -- AirParticleDetector:端口“COM1”不存在。
2022-01-21 13:22:32:696 --INFO -- AirParticleDetector:端口“COM1”不存在。
2022-01-21 13:22:33:203 --INFO -- AirParticleDetector:端口“COM1”不存在。
2022-01-21 13:22:33:709 --INFO -- AirParticleDetector:端口“COM1”不存在。
2022-01-21 13:22:34:216 --INFO -- AirParticleDetector:端口“COM1”不存在。
2022-01-21 13:22:34:722 --INFO -- AirParticleDetector:端口“COM1”不存在。
2022-01-21 13:22:35:229 --INFO -- AirParticleDetector:端口“COM1”不存在。
2022-01-21 13:22:35:735 --INFO -- AirParticleDetector:端口“COM1”不存在。
2022-01-21 13:22:36:245 --INFO -- AirParticleDetector:端口“COM1”不存在。
2022-01-21 13:22:36:750 --INFO -- AirParticleDetector:端口“COM1”不存在。
2022-01-21 13:22:37:259 --INFO -- AirParticleDetector:端口“COM1”不存在。
2022-01-21 13:22:37:764 --INFO -- AirParticleDetector:端口“COM1”不存在。
2022-01-21 13:22:38:270 --INFO -- AirParticleDetector:端口“COM1”不存在。
2022-01-21 13:22:38:776 --INFO -- AirParticleDetector:端口“COM1”不存在。
2022-01-21 13:22:39:282 --INFO -- AirParticleDetector:端口“COM1”不存在。
2022-01-21 13:22:39:790 --INFO -- AirParticleDetector:端口“COM1”不存在。
2022-01-21 13:22:40:296 --INFO -- AirParticleDetector:端口“COM1”不存在。
2022-01-21 13:22:40:802 --INFO -- AirParticleDetector:端口“COM1”不存在。
2022-01-21 13:22:41:309 --INFO -- AirParticleDetector:端口“COM1”不存在。
2022-01-21 13:22:41:814 --INFO -- AirParticleDetector:端口“COM1”不存在。
2022-01-21 13:22:42:320 --INFO -- AirParticleDetector:端口“COM1”不存在。
2022-01-21 13:22:42:827 --INFO -- AirParticleDetector:端口“COM1”不存在。
2022-01-21 13:22:43:335 --INFO -- AirParticleDetector:端口“COM1”不存在。
2022-01-21 13:22:43:840 --INFO -- AirParticleDetector:端口“COM1”不存在。
2022-01-21 13:22:44:346 --INFO -- AirParticleDetector:端口“COM1”不存在。
2022-01-21 13:22:44:852 --INFO -- AirParticleDetector:端口“COM1”不存在。
2022-01-21 13:22:45:358 --INFO -- AirParticleDetector:端口“COM1”不存在。
2022-01-21 13:22:45:865 --INFO -- AirParticleDetector:端口“COM1”不存在。
2022-01-21 13:22:46:372 --INFO -- AirParticleDetector:端口“COM1”不存在。
2022-01-21 13:22:46:878 --INFO -- AirParticleDetector:端口“COM1”不存在。
2022-01-21 13:22:47:386 --INFO -- AirParticleDetector:端口“COM1”不存在。
2022-01-21 13:22:47:896 --INFO -- AirParticleDetector:端口“COM1”不存在。
2022-01-21 13:22:48:403 --INFO -- AirParticleDetector:端口“COM1”不存在。
2022-01-21 13:22:48:909 --INFO -- AirParticleDetector:端口“COM1”不存在。
2022-01-21 13:22:49:415 --INFO -- AirParticleDetector:端口“COM1”不存在。
2022-01-21 13:22:49:922 --INFO -- AirParticleDetector:端口“COM1”不存在。
2022-01-21 13:22:50:429 --INFO -- AirParticleDetector:端口“COM1”不存在。
2022-01-21 13:22:50:936 --INFO -- AirParticleDetector:端口“COM1”不存在。
2022-01-21 13:22:51:443 --INFO -- AirParticleDetector:端口“COM1”不存在。
2022-01-21 13:22:51:949 --INFO -- AirParticleDetector:端口“COM1”不存在。
2022-01-21 13:22:52:456 --INFO -- AirParticleDetector:端口“COM1”不存在。
2022-01-21 13:22:52:964 --INFO -- AirParticleDetector:端口“COM1”不存在。
2022-01-21 13:22:53:470 --INFO -- AirParticleDetector:端口“COM1”不存在。
2022-01-21 13:22:53:977 --INFO -- AirParticleDetector:端口“COM1”不存在。
2022-01-21 13:22:54:486 --INFO -- AirParticleDetector:端口“COM1”不存在。
2022-01-21 13:22:54:992 --INFO -- AirParticleDetector:端口“COM1”不存在。
2022-01-21 13:22:55:498 --INFO -- AirParticleDetector:端口“COM1”不存在。

 ----------------------application shutdown--------------------------
